[main] INFO  - The car 1 arrived at 0 sek, as 1 in the queue with 1 people [teststation.Arriving][1]
[main] INFO  - The car 2 arrived at 65 sek, as 2 in the queue with 3 people [teststation.Arriving][1, 2]
[main] INFO  - The car 1 came to test at 116 sek with 1 people [teststation.Testing]
[main] INFO  - The car 2 came to test at 135 sek with 3 people [teststation.Testing]
[main] INFO  - The car 3 arrived at 171 sek, as 5 in the queue with 2 people [teststation.Arriving][1, 2, 3, 4, 5]
[main] INFO  - The car 3 came to test at 271 sek with 2 people [teststation.Testing]
[main] INFO  - The car 4 arrived at 285 sek, as 7 in the queue with 4 people [teststation.Arriving][1, 2, 3, 4, 5, 6, 7]
[main] INFO  - The car 1 is leaving test station at 356 sek, with 1 people [teststation.Leaving]
[main] INFO  - The car 5 arrived at 363 sek, as 8 in the queue with 2 people [teststation.Arriving][2, 3, 4, 5, 6, 7, 8, 9]
[main] INFO  - The car 4 came to test at 381 sek with 4 people [teststation.Testing]
[main] INFO  - The car 6 arrived at 442 sek, as 10 in the queue with 3 people [teststation.Arriving][2, 3, 4, 5, 6, 7, 8, 9, 10, 11]
[main] INFO  - The car 5 came to test at 477 sek with 2 people [teststation.Testing]
[main] INFO  - The car 7 arrived at 505 sek, as 10 in the queue with 2 people [teststation.Arriving][2, 3, 4, 5, 6, 7, 8, 9, 10, 11]
[main] INFO  - The car 8 arrived at 540 sek, as 10 in the queue with 4 people [teststation.Arriving][2, 3, 4, 5, 6, 7, 8, 9, 10, 11]
[main] INFO  - The car 6 came to test at 558 sek with 3 people [teststation.Testing]
[main] INFO  - The car 9 arrived at 581 sek, as 10 in the queue with 4 people [teststation.Arriving][2, 3, 4, 5, 6, 7, 8, 9, 10, 11]
[main] INFO  - The car 7 came to test at 598 sek with 2 people [teststation.Testing]
[main] INFO  - The car 8 came to test at 659 sek with 4 people [teststation.Testing]
[main] INFO  - The car 10 arrived at 683 sek, as 10 in the queue with 2 people [teststation.Arriving][2, 3, 4, 5, 6, 7, 8, 9, 10, 11]
[main] INFO  - The car 9 came to test at 691 sek with 4 people [teststation.Testing]
[main] INFO  - The car 11 arrived at 729 sek, as 10 in the queue with 4 people [teststation.Arriving][2, 3, 4, 5, 6, 7, 8, 9, 10, 11]
[main] INFO  - The car 10 came to test at 749 sek with 2 people [teststation.Testing]
[main] INFO  - The car 3 is leaving test station at 751 sek, with 2 people [teststation.Leaving]
[main] INFO  - The car 11 came to test at 830 sek with 4 people [teststation.Testing]
[main] INFO  - The car 11 came to test at 830 sek with 4 people [teststation.Testing]
[main] INFO  - The car 2 is leaving test station at 855 sek, with 3 people [teststation.Leaving]
[main] INFO  - The car 12 came to test at 928 sek with 2 people [teststation.Testing]
[main] INFO  - The car 12 came to test at 928 sek with 2 people [teststation.Testing]
[main] INFO  - The car 5 is leaving test station at 957 sek, with 2 people [teststation.Leaving]
[main] INFO  - The car 13 came to test at 978 sek with 3 people [teststation.Testing]
[main] INFO  - The car 13 came to test at 978 sek with 3 people [teststation.Testing]
[main] INFO  - The car 14 came to test at 1031 sek with 1 people [teststation.Testing]
[main] INFO  - The car 7 is leaving test station at 1078 sek, with 2 people [teststation.Leaving]
[main] INFO  - The car 10 is leaving test station at 1229 sek, with 2 people [teststation.Leaving]
[main] INFO  - The car 15 came to test at 1091 sek with 3 people [teststation.Testing]
[main] INFO  - The car 10 is leaving test station at 1229 sek, with 2 people [teststation.Leaving]
[main] INFO  - The car 14 is leaving test station at 1271 sek, with 1 people [teststation.Leaving]
[main] INFO  - The car 16 came to test at 1185 sek with 3 people [teststation.Testing]
[main] INFO  - The car 14 is leaving test station at 1271 sek, with 1 people [teststation.Leaving]
[main] INFO  - The car 6 is leaving test station at 1278 sek, with 3 people [teststation.Leaving]
[main] INFO  - The car 17 came to test at 1200 sek with 1 people [teststation.Testing]
[main] INFO  - The car 6 is leaving test station at 1278 sek, with 3 people [teststation.Leaving]
[main] INFO  - The car 4 is leaving test station at 1341 sek, with 4 people [teststation.Leaving]
[main] INFO  - The car 18 came to test at 1303 sek with 2 people [teststation.Testing]
[main] INFO  - The car 4 is leaving test station at 1341 sek, with 4 people [teststation.Leaving]
[main] INFO  - The car 12 is leaving test station at 1408 sek, with 2 people [teststation.Leaving]
[main] INFO  - The car 19 came to test at 1398 sek with 1 people [teststation.Testing]
[main] INFO  - The car 12 is leaving test station at 1408 sek, with 2 people [teststation.Leaving]
[main] INFO  - The car 17 is leaving test station at 1440 sek, with 1 people [teststation.Leaving]
[main] INFO  - The car 17 is leaving test station at 1440 sek, with 1 people [teststation.Leaving]
[main] INFO  - The car 20 came to test at 1493 sek with 2 people [teststation.Testing]
[main] INFO  - The car 20 came to test at 1493 sek with 2 people [teststation.Testing]
[main] INFO  - The car 21 came to test at 1593 sek with 1 people [teststation.Testing]
[main] INFO  - The car 8 is leaving test station at 1619 sek, with 4 people [teststation.Leaving]
[main] INFO  - The car 19 is leaving test station at 1638 sek, with 1 people [teststation.Leaving]
[main] INFO  - The car 19 is leaving test station at 1638 sek, with 1 people [teststation.Leaving]
[main] INFO  - The car 9 is leaving test station at 1651 sek, with 4 people [teststation.Leaving]
[main] INFO  - The car 23 arrived at 1692 sek, as 9 in the queue with 3 people [teststation.Arriving][11, 13, 15, 16, 18, 20, 21, 22, 23]
[main] INFO  - The car 22 came to test at 1697 sek with 1 people [teststation.Testing]
[main] INFO  - The car 13 is leaving test station at 1698 sek, with 3 people [teststation.Leaving]
[main] INFO  - The car 18 is leaving test station at 1783 sek, with 2 people [teststation.Leaving]
[main] INFO  - The car 11 is leaving test station at 1790 sek, with 4 people [teststation.Leaving]
[main] INFO  - The car 24 arrived at 1800 sek, as 9 in the queue with 3 people [teststation.Arriving][15, 16, 20, 21, 22, 23, 24, 25, 26]
[main] INFO  - The car 23 came to test at 1809 sek with 3 people [teststation.Testing]
[main] INFO  - The car 15 is leaving test station at 1811 sek, with 3 people [teststation.Leaving]
[main] INFO  - The car 21 is leaving test station at 1833 sek, with 1 people [teststation.Leaving]
[main] INFO  - The car 24 came to test at 1867 sek with 3 people [teststation.Testing]
[main] INFO  - The car 25 arrived at 1902 sek, as 10 in the queue with 3 people [teststation.Arriving][16, 20, 22, 23, 24, 25, 26, 27, 28, 29]
[main] INFO  - The car 16 is leaving test station at 1905 sek, with 3 people [teststation.Leaving]
[main] INFO  - The car 22 is leaving test station at 1937 sek, with 1 people [teststation.Leaving]
[main] INFO  - The car 25 came to test at 1966 sek with 3 people [teststation.Testing]
[main] INFO  - The car 20 is leaving test station at 1973 sek, with 2 people [teststation.Leaving]
[main] INFO  - The car 26 arrived at 2003 sek, as 9 in the queue with 4 people [teststation.Arriving][23, 24, 25, 26, 27, 28, 29, 30, 31]
[main] INFO  - The car 27 arrived at 2114 sek, as 10 in the queue with 4 people [teststation.Arriving][23, 24, 25, 26, 27, 28, 29, 30, 31, 32]
[main] INFO  - The car 26 came to test at 2119 sek with 4 people [teststation.Testing]
[main] INFO  - The car 27 came to test at 2181 sek with 4 people [teststation.Testing]
[main] INFO  - The car 28 arrived at 2193 sek, as 10 in the queue with 3 people [teststation.Arriving][23, 24, 25, 26, 27, 28, 29, 30, 31, 32]
[main] INFO  - The car 29 arrived at 2258 sek, as 10 in the queue with 2 people [teststation.Arriving][23, 24, 25, 26, 27, 28, 29, 30, 31, 32]
[main] INFO  - The car 28 came to test at 2309 sek with 3 people [teststation.Testing]
[main] INFO  - The car 30 arrived at 2358 sek, as 10 in the queue with 4 people [teststation.Arriving][23, 24, 25, 26, 27, 28, 29, 30, 31, 32]
[main] INFO  - The car 29 came to test at 2373 sek with 2 people [teststation.Testing]
[main] INFO  - The car 31 arrived at 2424 sek, as 10 in the queue with 4 people [teststation.Arriving][23, 24, 25, 26, 27, 28, 29, 30, 31, 32]
[main] INFO  - The car 30 came to test at 2463 sek with 4 people [teststation.Testing]
[main] INFO  - The car 32 arrived at 2490 sek, as 10 in the queue with 1 people [teststation.Arriving][23, 24, 25, 26, 27, 28, 29, 30, 31, 32]
[main] INFO  - The car 31 came to test at 2500 sek with 4 people [teststation.Testing]
[main] INFO  - The car 23 is leaving test station at 2529 sek, with 3 people [teststation.Leaving]
[main] INFO  - The car 24 is leaving test station at 2587 sek, with 3 people [teststation.Leaving]
[main] INFO  - The car 24 is leaving test station at 2587 sek, with 3 people [teststation.Leaving]
[main] INFO  - The car 32 came to test at 2603 sek with 1 people [teststation.Testing]
[main] INFO  - The car 34 arrived at 2608 sek, as 10 in the queue with 3 people [teststation.Arriving][25, 26, 27, 28, 29, 30, 31, 32, 33, 34]
[main] INFO  - The car 33 came to test at 2670 sek with 2 people [teststation.Testing]
[main] INFO  - The car 25 is leaving test station at 2686 sek, with 3 people [teststation.Leaving]
[main] INFO  - The car 34 came to test at 2711 sek with 3 people [teststation.Testing]
[main] INFO  - The car 34 came to test at 2711 sek with 3 people [teststation.Testing]
[main] INFO  - The car 35 came to test at 2803 sek with 4 people [teststation.Testing]
[main] INFO  - The car 32 is leaving test station at 2843 sek, with 1 people [teststation.Leaving]
[main] INFO  - The car 29 is leaving test station at 2853 sek, with 2 people [teststation.Leaving]
[main] INFO  - The car 29 is leaving test station at 2853 sek, with 2 people [teststation.Leaving]
[main] INFO  - The car 36 came to test at 2876 sek with 1 people [teststation.Testing]
[main] INFO  - The car 36 came to test at 2876 sek with 1 people [teststation.Testing]
[main] INFO  - The car 37 came to test at 2920 sek with 1 people [teststation.Testing]
[main] INFO  - The car 28 is leaving test station at 3029 sek, with 3 people [teststation.Leaving]
[main] INFO  - The car 26 is leaving test station at 3079 sek, with 4 people [teststation.Leaving]
[main] INFO  - The car 38 came to test at 3003 sek with 4 people [teststation.Testing]
[main] INFO  - The car 26 is leaving test station at 3079 sek, with 4 people [teststation.Leaving]
[main] INFO  - The car 36 is leaving test station at 3116 sek, with 1 people [teststation.Leaving]
[main] INFO  - The car 39 came to test at 3091 sek with 1 people [teststation.Testing]
[main] INFO  - The car 36 is leaving test station at 3116 sek, with 1 people [teststation.Leaving]
[main] INFO  - The car 27 is leaving test station at 3141 sek, with 4 people [teststation.Leaving]
[main] INFO  - The car 27 is leaving test station at 3141 sek, with 4 people [teststation.Leaving]
[main] INFO  - The car 33 is leaving test station at 3150 sek, with 2 people [teststation.Leaving]
[main] INFO  - The car 33 is leaving test station at 3150 sek, with 2 people [teststation.Leaving]
[main] INFO  - The car 40 came to test at 3155 sek with 3 people [teststation.Testing]
[main] INFO  - The car 40 came to test at 3155 sek with 3 people [teststation.Testing]
[main] INFO  - The car 37 is leaving test station at 3160 sek, with 1 people [teststation.Leaving]
[main] INFO  - The car 41 came to test at 3215 sek with 1 people [teststation.Testing]
[main] INFO  - The car 43 arrived at 3217 sek, as 10 in the queue with 2 people [teststation.Arriving][30, 31, 34, 35, 38, 39, 40, 41, 42, 43]
[main] INFO  - The car 42 came to test at 3260 sek with 3 people [teststation.Testing]
[main] INFO  - The car 43 came to test at 3314 sek with 2 people [teststation.Testing]
[main] INFO  - The car 39 is leaving test station at 3331 sek, with 1 people [teststation.Leaving]
[main] INFO  - The car 30 is leaving test station at 3423 sek, with 4 people [teststation.Leaving]
[main] INFO  - The car 44 came to test at 3412 sek with 1 people [teststation.Testing]
[main] INFO  - The car 30 is leaving test station at 3423 sek, with 4 people [teststation.Leaving]
[main] INFO  - The car 34 is leaving test station at 3431 sek, with 3 people [teststation.Leaving]
[main] INFO  - The car 34 is leaving test station at 3431 sek, with 3 people [teststation.Leaving]
[main] INFO  - The car 41 is leaving test station at 3455 sek, with 1 people [teststation.Leaving]
[main] INFO  - The car 31 is leaving test station at 3460 sek, with 4 people [teststation.Leaving]
[main] INFO  - The car 46 arrived at 3489 sek, as 9 in the queue with 2 people [teststation.Arriving][35, 38, 40, 42, 43, 44, 45, 46, 47]
[main] INFO  - The car 45 came to test at 3535 sek with 3 people [teststation.Testing]
[main] INFO  - The car 47 arrived at 3548 sek, as 10 in the queue with 4 people [teststation.Arriving][35, 38, 40, 42, 43, 44, 45, 46, 47, 48]
[main] INFO  - The car 46 came to test at 3579 sek with 2 people [teststation.Testing]
[main] INFO  - The car 44 is leaving test station at 3652 sek, with 1 people [teststation.Leaving]
[main] INFO  - The car 48 arrived at 3654 sek, as 9 in the queue with 3 people [teststation.Arriving][35, 38, 40, 42, 43, 45, 46, 47, 48]
[main] INFO  - The car 47 came to test at 3664 sek with 4 people [teststation.Testing]
[main] INFO  - The car 48 came to test at 3746 sek with 3 people [teststation.Testing]
[main] INFO  - The car 35 is leaving test station at 3763 sek, with 4 people [teststation.Leaving]
[main] INFO  - The car 49 arrived at 3768 sek, as 9 in the queue with 3 people [teststation.Arriving][38, 40, 42, 43, 45, 46, 47, 48, 49]
[main] INFO  - The car 43 is leaving test station at 3794 sek, with 2 people [teststation.Leaving]
[main] INFO  - The car 50 arrived at 3854 sek, as 9 in the queue with 1 people [teststation.Arriving][38, 40, 42, 45, 46, 47, 48, 49, 50]
[main] INFO  - The car 40 is leaving test station at 3875 sek, with 3 people [teststation.Leaving]
[main] INFO  - The car 49 came to test at 3875 sek with 3 people [teststation.Testing]
[main] INFO  - The car 51 arrived at 3885 sek, as 10 in the queue with 1 people [teststation.Arriving][38, 42, 45, 46, 47, 48, 49, 50, 51, 52]
[main] INFO  - The car 52 arrived at 3934 sek, as 10 in the queue with 4 people [teststation.Arriving][38, 42, 45, 46, 47, 48, 49, 50, 51, 52]
[main] INFO  - The car 50 came to test at 3957 sek with 1 people [teststation.Testing]
[main] INFO  - The car 38 is leaving test station at 3963 sek, with 4 people [teststation.Leaving]
[main] INFO  - The car 42 is leaving test station at 3980 sek, with 3 people [teststation.Leaving]
[main] INFO  - The car 51 came to test at 4004 sek with 1 people [teststation.Testing]
[main] INFO  - The car 52 came to test at 4021 sek with 4 people [teststation.Testing]
[main] INFO  - The car 53 arrived at 4029 sek, as 10 in the queue with 2 people [teststation.Arriving][45, 46, 47, 48, 49, 50, 51, 52, 53, 54]
[main] INFO  - The car 46 is leaving test station at 4059 sek, with 2 people [teststation.Leaving]
[main] INFO  - The car 53 came to test at 4096 sek with 2 people [teststation.Testing]
[main] INFO  - The car 54 arrived at 4147 sek, as 10 in the queue with 2 people [teststation.Arriving][45, 47, 48, 49, 50, 51, 52, 53, 54, 55]
[main] INFO  - The car 50 is leaving test station at 4197 sek, with 1 people [teststation.Leaving]
[main] INFO  - The car 55 arrived at 4213 sek, as 9 in the queue with 3 people [teststation.Arriving][45, 47, 48, 49, 51, 52, 53, 54, 55]
[main] INFO  - The car 51 is leaving test station at 4244 sek, with 1 people [teststation.Leaving]
[main] INFO  - The car 45 is leaving test station at 4255 sek, with 3 people [teststation.Leaving]
[main] INFO  - The car 54 came to test at 4257 sek with 2 people [teststation.Testing]
[main] INFO  - The car 55 came to test at 4297 sek with 3 people [teststation.Testing]
[main] INFO  - The car 56 arrived at 4313 sek, as 10 in the queue with 3 people [teststation.Arriving][47, 48, 49, 52, 53, 54, 55, 56, 57, 58]
[main] INFO  - The car 57 arrived at 4399 sek, as 10 in the queue with 1 people [teststation.Arriving][47, 48, 49, 52, 53, 54, 55, 56, 57, 58]
[main] INFO  - The car 56 came to test at 4416 sek with 3 people [teststation.Testing]
[main] INFO  - The car 58 arrived at 4451 sek, as 10 in the queue with 4 people [teststation.Arriving][47, 48, 49, 52, 53, 54, 55, 56, 57, 58]
[main] INFO  - The car 48 is leaving test station at 4466 sek, with 3 people [teststation.Leaving]
[main] INFO  - The car 57 came to test at 4503 sek with 1 people [teststation.Testing]
[main] INFO  - The car 58 came to test at 4550 sek with 4 people [teststation.Testing]
[main] INFO  - The car 59 arrived at 4569 sek, as 10 in the queue with 2 people [teststation.Arriving][47, 49, 52, 53, 54, 55, 56, 57, 58, 59]
[main] INFO  - The car 53 is leaving test station at 4576 sek, with 2 people [teststation.Leaving]
[main] INFO  - The car 49 is leaving test station at 4595 sek, with 3 people [teststation.Leaving]
[main] INFO  - The car 60 arrived at 4624 sek, as 9 in the queue with 3 people [teststation.Arriving][47, 52, 54, 55, 56, 57, 58, 59, 60]
[main] INFO  - The car 47 is leaving test station at 4624 sek, with 4 people [teststation.Leaving]
[main] INFO  - The car 59 came to test at 4646 sek with 2 people [teststation.Testing]
[main] INFO  - The car 61 arrived at 4660 sek, as 10 in the queue with 3 people [teststation.Arriving][52, 54, 55, 56, 57, 58, 59, 60, 61, 62]
[main] INFO  - The car 60 came to test at 4706 sek with 3 people [teststation.Testing]
[main] INFO  - The car 62 arrived at 4728 sek, as 10 in the queue with 2 people [teststation.Arriving][52, 54, 55, 56, 57, 58, 59, 60, 61, 62]
[main] INFO  - The car 61 came to test at 4730 sek with 3 people [teststation.Testing]
[main] INFO  - The car 54 is leaving test station at 4737 sek, with 2 people [teststation.Leaving]
[main] INFO  - The car 57 is leaving test station at 4743 sek, with 1 people [teststation.Leaving]
[main] INFO  - The car 62 came to test at 4831 sek with 2 people [teststation.Testing]
[main] INFO  - The car 63 arrived at 4836 sek, as 10 in the queue with 4 people [teststation.Arriving][52, 55, 56, 58, 59, 60, 61, 62, 63, 64]
[main] INFO  - The car 64 arrived at 4937 sek, as 10 in the queue with 1 people [teststation.Arriving][52, 55, 56, 58, 59, 60, 61, 62, 63, 64]
[main] INFO  - The car 63 came to test at 4939 sek with 4 people [teststation.Testing]
[main] INFO  - The car 52 is leaving test station at 4981 sek, with 4 people [teststation.Leaving]
[main] INFO  - The car 55 is leaving test station at 5017 sek, with 3 people [teststation.Leaving]
[main] INFO  - The car 55 is leaving test station at 5017 sek, with 3 people [teststation.Leaving]
[main] INFO  - The car 64 came to test at 5034 sek with 1 people [teststation.Testing]
[main] INFO  - The car 66 arrived at 5054 sek, as 10 in the queue with 3 people [teststation.Arriving][56, 58, 59, 60, 61, 62, 63, 64, 65, 66]
[main] INFO  - The car 65 came to test at 5069 sek with 3 people [teststation.Testing]
[main] INFO  - The car 59 is leaving test station at 5126 sek, with 2 people [teststation.Leaving]
[main] INFO  - The car 56 is leaving test station at 5136 sek, with 3 people [teststation.Leaving]
[main] INFO  - The car 56 is leaving test station at 5136 sek, with 3 people [teststation.Leaving]
[main] INFO  - The car 66 came to test at 5157 sek with 3 people [teststation.Testing]
[main] INFO  - The car 68 arrived at 5218 sek, as 10 in the queue with 4 people [teststation.Arriving][58, 60, 61, 62, 63, 64, 65, 66, 67, 68]
[main] INFO  - The car 67 came to test at 5244 sek with 2 people [teststation.Testing]
[main] INFO  - The car 64 is leaving test station at 5274 sek, with 1 people [teststation.Leaving]
[main] INFO  - The car 68 came to test at 5295 sek with 4 people [teststation.Testing]
[main] INFO  - The car 68 came to test at 5295 sek with 4 people [teststation.Testing]
[main] INFO  - The car 62 is leaving test station at 5311 sek, with 2 people [teststation.Leaving]
[main] INFO  - The car 69 came to test at 5378 sek with 3 people [teststation.Testing]
[main] INFO  - The car 69 came to test at 5378 sek with 3 people [teststation.Testing]
[main] INFO  - The car 60 is leaving test station at 5426 sek, with 3 people [teststation.Leaving]
[main] INFO  - The car 61 is leaving test station at 5450 sek, with 3 people [teststation.Leaving]
[main] INFO  - The car 61 is leaving test station at 5450 sek, with 3 people [teststation.Leaving]
[main] INFO  - The car 70 came to test at 5475 sek with 2 people [teststation.Testing]
[main] INFO  - The car 72 arrived at 5498 sek, as 10 in the queue with 2 people [teststation.Arriving][58, 63, 65, 66, 67, 68, 69, 70, 71, 72]
[main] INFO  - The car 71 came to test at 5499 sek with 2 people [teststation.Testing]
[main] INFO  - The car 58 is leaving test station at 5510 sek, with 4 people [teststation.Leaving]
[main] INFO  - The car 72 came to test at 5613 sek with 2 people [teststation.Testing]
[main] INFO  - The car 72 came to test at 5613 sek with 2 people [teststation.Testing]
[main] INFO  - The car 73 came to test at 5622 sek with 1 people [teststation.Testing]
[main] INFO  - The car 67 is leaving test station at 5724 sek, with 2 people [teststation.Leaving]
[main] INFO  - The car 65 is leaving test station at 5789 sek, with 3 people [teststation.Leaving]
[main] INFO  - The car 74 came to test at 5736 sek with 3 people [teststation.Testing]
[main] INFO  - The car 65 is leaving test station at 5789 sek, with 3 people [teststation.Leaving]
[main] INFO  - The car 73 is leaving test station at 5862 sek, with 1 people [teststation.Leaving]
[main] INFO  - The car 75 came to test at 5798 sek with 1 people [teststation.Testing]
[main] INFO  - The car 73 is leaving test station at 5862 sek, with 1 people [teststation.Leaving]
[main] INFO  - The car 66 is leaving test station at 5877 sek, with 3 people [teststation.Leaving]
[main] INFO  - The car 76 came to test at 5811 sek with 3 people [teststation.Testing]
[main] INFO  - The car 66 is leaving test station at 5877 sek, with 3 people [teststation.Leaving]
[main] INFO  - The car 63 is leaving test station at 5899 sek, with 4 people [teststation.Leaving]
[main] INFO  - The car 77 came to test at 5878 sek with 1 people [teststation.Testing]
[main] INFO  - The car 63 is leaving test station at 5899 sek, with 4 people [teststation.Leaving]
[main] INFO  - The car 70 is leaving test station at 5955 sek, with 2 people [teststation.Leaving]
[main] INFO  - The car 78 came to test at 5931 sek with 4 people [teststation.Testing]
[main] INFO  - The car 70 is leaving test station at 5955 sek, with 2 people [teststation.Leaving]
[main] INFO  - The car 71 is leaving test station at 5979 sek, with 2 people [teststation.Leaving]
[main] INFO  - The car 71 is leaving test station at 5979 sek, with 2 people [teststation.Leaving]
[main] INFO  - The car 75 is leaving test station at 6038 sek, with 1 people [teststation.Leaving]
[main] INFO  - The car 75 is leaving test station at 6038 sek, with 1 people [teststation.Leaving]
[main] INFO  - The car 79 came to test at 6041 sek with 3 people [teststation.Testing]
[main] INFO  - The car 81 arrived at 6073 sek, as 10 in the queue with 2 people [teststation.Arriving][68, 69, 72, 74, 76, 77, 78, 79, 80, 81]
[main] INFO  - The car 72 is leaving test station at 6093 sek, with 2 people [teststation.Leaving]
[main] INFO  - The car 69 is leaving test station at 6098 sek, with 3 people [teststation.Leaving]
[main] INFO  - The car 82 arrived at 6118 sek, as 9 in the queue with 3 people [teststation.Arriving][68, 74, 76, 77, 78, 79, 80, 81, 82]
[main] INFO  - The car 77 is leaving test station at 6118 sek, with 1 people [teststation.Leaving]
[main] INFO  - The car 80 came to test at 6119 sek with 1 people [teststation.Testing]
[main] INFO  - The car 81 came to test at 6166 sek with 2 people [teststation.Testing]
[main] INFO  - The car 83 arrived at 6209 sek, as 10 in the queue with 4 people [teststation.Arriving][68, 74, 76, 78, 79, 80, 81, 82, 83, 84]
[main] INFO  - The car 82 came to test at 6218 sek with 3 people [teststation.Testing]
[main] INFO  - The car 84 arrived at 6247 sek, as 10 in the queue with 3 people [teststation.Arriving][68, 74, 76, 78, 79, 80, 81, 82, 83, 84]
[main] INFO  - The car 68 is leaving test station at 6255 sek, with 4 people [teststation.Leaving]
[main] INFO  - The car 83 came to test at 6326 sek with 4 people [teststation.Testing]
[main] INFO  - The car 84 came to test at 6346 sek with 3 people [teststation.Testing]
[main] INFO  - The car 80 is leaving test station at 6359 sek, with 1 people [teststation.Leaving]
[main] INFO  - The car 85 arrived at 6365 sek, as 9 in the queue with 4 people [teststation.Arriving][74, 76, 78, 79, 81, 82, 83, 84, 85]
[main] INFO  - The car 85 came to test at 6448 sek with 4 people [teststation.Testing]
[main] INFO  - The car 86 arrived at 6449 sek, as 10 in the queue with 3 people [teststation.Arriving][74, 76, 78, 79, 81, 82, 83, 84, 85, 86]
[main] INFO  - The car 74 is leaving test station at 6456 sek, with 3 people [teststation.Leaving]
[main] INFO  - The car 76 is leaving test station at 6531 sek, with 3 people [teststation.Leaving]
[main] INFO  - The car 76 is leaving test station at 6531 sek, with 3 people [teststation.Leaving]
[main] INFO  - The car 86 came to test at 6540 sek with 3 people [teststation.Testing]
[main] INFO  - The car 86 came to test at 6540 sek with 3 people [teststation.Testing]
[main] INFO  - The car 87 came to test at 6569 sek with 4 people [teststation.Testing]
[main] INFO  - The car 88 came to test at 6594 sek with 1 people [teststation.Testing]
[main] INFO  - The car 81 is leaving test station at 6646 sek, with 2 people [teststation.Leaving]
[main] INFO  - The car 79 is leaving test station at 6761 sek, with 3 people [teststation.Leaving]
[main] INFO  - The car 89 came to test at 6672 sek with 3 people [teststation.Testing]
[main] INFO  - The car 79 is leaving test station at 6761 sek, with 3 people [teststation.Leaving]
[main] INFO  - The car 88 is leaving test station at 6834 sek, with 1 people [teststation.Leaving]
[main] INFO  - The car 90 came to test at 6733 sek with 2 people [teststation.Testing]
[main] INFO  - The car 88 is leaving test station at 6834 sek, with 1 people [teststation.Leaving]
[main] INFO  - The car 78 is leaving test station at 6891 sek, with 4 people [teststation.Leaving]
[main] INFO  - The car 91 came to test at 6792 sek with 3 people [teststation.Testing]
[main] INFO  - The car 78 is leaving test station at 6891 sek, with 4 people [teststation.Leaving]
[main] INFO  - The car 82 is leaving test station at 6938 sek, with 3 people [teststation.Leaving]
[main] INFO  - The car 92 came to test at 6886 sek with 2 people [teststation.Testing]
[main] INFO  - The car 82 is leaving test station at 6938 sek, with 3 people [teststation.Leaving]
[main] INFO  - The car 84 is leaving test station at 7066 sek, with 3 people [teststation.Leaving]
[main] INFO  - The car 93 came to test at 6976 sek with 3 people [teststation.Testing]
[main] INFO  - The car 84 is leaving test station at 7066 sek, with 3 people [teststation.Leaving]
[main] INFO  - The car 90 is leaving test station at 7213 sek, with 2 people [teststation.Leaving]
[main] INFO  - The car 94 came to test at 7075 sek with 1 people [teststation.Testing]
[main] INFO  - The car 90 is leaving test station at 7213 sek, with 2 people [teststation.Leaving]
[main] INFO  - The car 86 is leaving test station at 7260 sek, with 3 people [teststation.Leaving]
[main] INFO  - The car 95 came to test at 7116 sek with 2 people [teststation.Testing]
[main] INFO  - The car 86 is leaving test station at 7260 sek, with 3 people [teststation.Leaving]
[main] INFO  - The car 83 is leaving test station at 7286 sek, with 4 people [teststation.Leaving]
[main] INFO  - The car 96 came to test at 7193 sek with 2 people [teststation.Testing]
[main] INFO  - The car 83 is leaving test station at 7286 sek, with 4 people [teststation.Leaving]
[main] INFO  - The car 94 is leaving test station at 7315 sek, with 1 people [teststation.Leaving]
[main] INFO  - The car 97 came to test at 7262 sek with 4 people [teststation.Testing]
[main] INFO  - The car 94 is leaving test station at 7315 sek, with 1 people [teststation.Leaving]
[main] INFO  - The car 92 is leaving test station at 7366 sek, with 2 people [teststation.Leaving]
[main] INFO  - The car 89 is leaving test station at 7392 sek, with 3 people [teststation.Leaving]
[main] INFO  - The car 85 is leaving test station at 7408 sek, with 4 people [teststation.Leaving]
[main] INFO  - The car 91 is leaving test station at 7512 sek, with 3 people [teststation.Leaving]
[main] INFO  - The car 87 is leaving test station at 7529 sek, with 4 people [teststation.Leaving]
[main] INFO  - The car 95 is leaving test station at 7596 sek, with 2 people [teststation.Leaving]
[main] INFO  - The car 96 is leaving test station at 7673 sek, with 2 people [teststation.Leaving]
[main] INFO  - The car 93 is leaving test station at 7696 sek, with 3 people [teststation.Leaving]
[main] INFO  - The car 97 is leaving test station at 8222 sek, with 4 people [teststation.Leaving]
[main] INFO  - The car 98 arrived at 0 sek, as 1 in the queue with 1 people [teststation.Arriving][98]
[main] INFO  - The car 98 came to test at 61 sek with 1 people [teststation.Testing]
[main] INFO  - The car 99 arrived at 106 sek, as 3 in the queue with 1 people [teststation.Arriving][98, 99, 100]
[main] INFO  - The car 100 arrived at 162 sek, as 4 in the queue with 1 people [teststation.Arriving][98, 99, 100, 101]
[main] INFO  - The car 101 arrived at 192 sek, as 5 in the queue with 4 people [teststation.Arriving][98, 99, 100, 101, 102]
[main] INFO  - The car 99 came to test at 195 sek with 1 people [teststation.Testing]
[main] INFO  - The car 100 came to test at 258 sek with 1 people [teststation.Testing]
[main] INFO  - The car 101 came to test at 271 sek with 4 people [teststation.Testing]
[main] INFO  - The car 102 arrived at 292 sek, as 9 in the queue with 1 people [teststation.Arriving][98, 99, 100, 101, 102, 103, 104, 105, 106]
[main] INFO  - The car 98 is leaving test station at 301 sek, with 1 people [teststation.Leaving]
[main] INFO  - The car 103 arrived at 328 sek, as 10 in the queue with 1 people [teststation.Arriving][99, 100, 101, 102, 103, 104, 105, 106, 107, 108]
[main] INFO  - The car 104 arrived at 390 sek, as 11 in the queue with 4 people [teststation.Arriving][99, 100, 101, 102, 103, 104, 105, 106, 107, 108, 109]
[main] INFO  - The car 103 came to test at 393 sek with 1 people [teststation.Testing]
[main] INFO  - The car 102 came to test at 397 sek with 1 people [teststation.Testing]
[main] INFO  - The car 99 is leaving test station at 435 sek, with 1 people [teststation.Leaving]
[main] INFO  - The car 105 arrived at 480 sek, as 14 in the queue with 3 people [teststation.Arriving][100, 101, 102, 103, 104, 105, 106, 107, 108, 109, 110, 111, 112, 113]
[main] INFO  - The car 104 came to test at 481 sek with 4 people [teststation.Testing]
[main] INFO  - The car 100 is leaving test station at 498 sek, with 1 people [teststation.Leaving]
[main] INFO  - The car 106 arrived at 531 sek, as 16 in the queue with 2 people [teststation.Arriving][101, 102, 103, 104, 105, 106, 107, 108, 109, 110, 111, 112, 113, 114, 115, 116]
[main] INFO  - The car 105 came to test at 581 sek with 3 people [teststation.Testing]
[main] INFO  - The car 107 arrived at 589 sek, as 18 in the queue with 2 people [teststation.Arriving][101, 102, 103, 104, 105, 106, 107, 108, 109, 110, 111, 112, 113, 114, 115, 116, 117, 118]
[main] INFO  - The car 103 is leaving test station at 633 sek, with 1 people [teststation.Leaving]
[main] INFO  - The car 102 is leaving test station at 637 sek, with 1 people [teststation.Leaving]
[main] INFO  - The car 106 came to test at 649 sek with 2 people [teststation.Testing]
[main] INFO  - The car 107 came to test at 655 sek with 2 people [teststation.Testing]
[main] INFO  - The car 108 arrived at 690 sek, as 20 in the queue with 2 people [teststation.Arriving][101, 104, 105, 106, 107, 108, 109, 110, 111, 112, 113, 114, 115, 116, 117, 118, 119, 120, 121, 122]
[main] INFO  - The car 108 came to test at 793 sek with 2 people [teststation.Testing]
[main] INFO  - The car 109 arrived at 795 sek, as 20 in the queue with 4 people [teststation.Arriving][101, 104, 105, 106, 107, 108, 109, 110, 111, 112, 113, 114, 115, 116, 117, 118, 119, 120, 121, 122]
[main] INFO  - The car 110 arrived at 831 sek, as 20 in the queue with 4 people [teststation.Arriving][101, 104, 105, 106, 107, 108, 109, 110, 111, 112, 113, 114, 115, 116, 117, 118, 119, 120, 121, 122]
[main] INFO  - The car 111 arrived at 888 sek, as 20 in the queue with 3 people [teststation.Arriving][101, 104, 105, 106, 107, 108, 109, 110, 111, 112, 113, 114, 115, 116, 117, 118, 119, 120, 121, 122]
[main] INFO  - The car 109 came to test at 898 sek with 4 people [teststation.Testing]
[main] INFO  - The car 110 came to test at 925 sek with 4 people [teststation.Testing]
[main] INFO  - The car 112 arrived at 964 sek, as 20 in the queue with 1 people [teststation.Arriving][101, 104, 105, 106, 107, 108, 109, 110, 111, 112, 113, 114, 115, 116, 117, 118, 119, 120, 121, 122]
[main] INFO  - The car 111 came to test at 996 sek with 3 people [teststation.Testing]
[main] INFO  - The car 113 arrived at 1026 sek, as 20 in the queue with 1 people [teststation.Arriving][101, 104, 105, 106, 107, 108, 109, 110, 111, 112, 113, 114, 115, 116, 117, 118, 119, 120, 121, 122]
[main] INFO  - The car 112 came to test at 1072 sek with 1 people [teststation.Testing]
[main] INFO  - The car 113 came to test at 1107 sek with 1 people [teststation.Testing]
[main] INFO  - The car 114 arrived at 1108 sek, as 20 in the queue with 4 people [teststation.Arriving][101, 104, 105, 106, 107, 108, 109, 110, 111, 112, 113, 114, 115, 116, 117, 118, 119, 120, 121, 122]
[main] INFO  - The car 106 is leaving test station at 1129 sek, with 2 people [teststation.Leaving]
[main] INFO  - The car 107 is leaving test station at 1135 sek, with 2 people [teststation.Leaving]
[main] INFO  - The car 114 came to test at 1189 sek with 4 people [teststation.Testing]
[main] INFO  - The car 115 arrived at 1202 sek, as 20 in the queue with 2 people [teststation.Arriving][101, 104, 105, 108, 109, 110, 111, 112, 113, 114, 115, 116, 117, 118, 119, 120, 121, 122, 123, 124]
[main] INFO  - The car 101 is leaving test station at 1231 sek, with 4 people [teststation.Leaving]
[main] INFO  - The car 116 arrived at 1242 sek, as 19 in the queue with 4 people [teststation.Arriving][104, 105, 108, 109, 110, 111, 112, 113, 114, 115, 116, 117, 118, 119, 120, 121, 122, 123, 124]
[main] INFO  - The car 108 is leaving test station at 1273 sek, with 2 people [teststation.Leaving]
[main] INFO  - The car 115 came to test at 1275 sek with 2 people [teststation.Testing]
[main] INFO  - The car 117 arrived at 1288 sek, as 20 in the queue with 2 people [teststation.Arriving][104, 105, 109, 110, 111, 112, 113, 114, 115, 116, 117, 118, 119, 120, 121, 122, 123, 124, 125, 126]
[main] INFO  - The car 105 is leaving test station at 1301 sek, with 3 people [teststation.Leaving]
[main] INFO  - The car 112 is leaving test station at 1312 sek, with 1 people [teststation.Leaving]
[main] INFO  - The car 113 is leaving test station at 1347 sek, with 1 people [teststation.Leaving]
[main] INFO  - The car 116 came to test at 1353 sek with 4 people [teststation.Testing]
[main] INFO  - The car 118 arrived at 1357 sek, as 20 in the queue with 3 people [teststation.Arriving][104, 109, 110, 111, 114, 115, 116, 117, 118, 119, 120, 121, 122, 123, 124, 125, 126, 127, 128, 129]
[main] INFO  - The car 117 came to test at 1366 sek with 2 people [teststation.Testing]
[main] INFO  - The car 104 is leaving test station at 1441 sek, with 4 people [teststation.Leaving]
[main] INFO  - The car 118 came to test at 1452 sek with 3 people [teststation.Testing]
[main] INFO  - The car 119 arrived at 1466 sek, as 20 in the queue with 2 people [teststation.Arriving][109, 110, 111, 114, 115, 116, 117, 118, 119, 120, 121, 122, 123, 124, 125, 126, 127, 128, 129, 130]
[main] INFO  - The car 120 arrived at 1528 sek, as 20 in the queue with 4 people [teststation.Arriving][109, 110, 111, 114, 115, 116, 117, 118, 119, 120, 121, 122, 123, 124, 125, 126, 127, 128, 129, 130]
[main] INFO  - The car 119 came to test at 1577 sek with 2 people [teststation.Testing]
[main] INFO  - The car 120 came to test at 1631 sek with 4 people [teststation.Testing]
[main] INFO  - The car 121 arrived at 1645 sek, as 20 in the queue with 4 people [teststation.Arriving][109, 110, 111, 114, 115, 116, 117, 118, 119, 120, 121, 122, 123, 124, 125, 126, 127, 128, 129, 130]
[main] INFO  - The car 111 is leaving test station at 1716 sek, with 3 people [teststation.Leaving]
[main] INFO  - The car 121 came to test at 1718 sek with 4 people [teststation.Testing]
[main] INFO  - The car 122 arrived at 1738 sek, as 20 in the queue with 2 people [teststation.Arriving][109, 110, 114, 115, 116, 117, 118, 119, 120, 121, 122, 123, 124, 125, 126, 127, 128, 129, 130, 131]
[main] INFO  - The car 115 is leaving test station at 1755 sek, with 2 people [teststation.Leaving]
[main] INFO  - The car 123 arrived at 1803 sek, as 19 in the queue with 4 people [teststation.Arriving][109, 110, 114, 116, 117, 118, 119, 120, 121, 122, 123, 124, 125, 126, 127, 128, 129, 130, 131]
[main] INFO  - The car 122 came to test at 1832 sek with 2 people [teststation.Testing]
[main] INFO  - The car 117 is leaving test station at 1846 sek, with 2 people [teststation.Leaving]
[main] INFO  - The car 109 is leaving test station at 1858 sek, with 4 people [teststation.Leaving]
[main] INFO  - The car 123 came to test at 1871 sek with 4 people [teststation.Testing]
[main] INFO  - The car 124 arrived at 1880 sek, as 20 in the queue with 3 people [teststation.Arriving][110, 114, 116, 118, 119, 120, 121, 122, 123, 124, 125, 126, 127, 128, 129, 130, 131, 132, 133, 134]
[main] INFO  - The car 110 is leaving test station at 1885 sek, with 4 people [teststation.Leaving]
[main] INFO  - The car 125 arrived at 1916 sek, as 19 in the queue with 2 people [teststation.Arriving][114, 116, 118, 119, 120, 121, 122, 123, 124, 125, 126, 127, 128, 129, 130, 131, 132, 133, 134]
[main] INFO  - The car 124 came to test at 1956 sek with 3 people [teststation.Testing]
[main] INFO  - The car 126 arrived at 1965 sek, as 20 in the queue with 4 people [teststation.Arriving][114, 116, 118, 119, 120, 121, 122, 123, 124, 125, 126, 127, 128, 129, 130, 131, 132, 133, 134, 135]
[main] INFO  - The car 125 came to test at 2009 sek with 2 people [teststation.Testing]
[main] INFO  - The car 119 is leaving test station at 2057 sek, with 2 people [teststation.Leaving]
[main] INFO  - The car 127 arrived at 2058 sek, as 19 in the queue with 3 people [teststation.Arriving][114, 116, 118, 120, 121, 122, 123, 124, 125, 126, 127, 128, 129, 130, 131, 132, 133, 134, 135]
[main] INFO  - The car 126 came to test at 2063 sek with 4 people [teststation.Testing]
[main] INFO  - The car 128 arrived at 2145 sek, as 20 in the queue with 4 people [teststation.Arriving][114, 116, 118, 120, 121, 122, 123, 124, 125, 126, 127, 128, 129, 130, 131, 132, 133, 134, 135, 136]
[main] INFO  - The car 114 is leaving test station at 2149 sek, with 4 people [teststation.Leaving]
[main] INFO  - The car 127 came to test at 2157 sek with 3 people [teststation.Testing]
[main] INFO  - The car 118 is leaving test station at 2172 sek, with 3 people [teststation.Leaving]
[main] INFO  - The car 129 arrived at 2175 sek, as 19 in the queue with 3 people [teststation.Arriving][116, 120, 121, 122, 123, 124, 125, 126, 127, 128, 129, 130, 131, 132, 133, 134, 135, 136, 137]
[main] INFO  - The car 128 came to test at 2230 sek with 4 people [teststation.Testing]
[main] INFO  - The car 129 came to test at 2272 sek with 3 people [teststation.Testing]
[main] INFO  - The car 130 arrived at 2273 sek, as 20 in the queue with 1 people [teststation.Arriving][116, 120, 121, 122, 123, 124, 125, 126, 127, 128, 129, 130, 131, 132, 133, 134, 135, 136, 137, 138]
[main] INFO  - The car 122 is leaving test station at 2312 sek, with 2 people [teststation.Leaving]
[main] INFO  - The car 116 is leaving test station at 2313 sek, with 4 people [teststation.Leaving]
[main] INFO  - The car 131 arrived at 2333 sek, as 19 in the queue with 1 people [teststation.Arriving][120, 121, 123, 124, 125, 126, 127, 128, 129, 130, 131, 132, 133, 134, 135, 136, 137, 138, 139]
[main] INFO  - The car 130 came to test at 2373 sek with 1 people [teststation.Testing]
[main] INFO  - The car 132 arrived at 2381 sek, as 20 in the queue with 1 people [teststation.Arriving][120, 121, 123, 124, 125, 126, 127, 128, 129, 130, 131, 132, 133, 134, 135, 136, 137, 138, 139, 140]
[main] INFO  - The car 131 came to test at 2407 sek with 1 people [teststation.Testing]
[main] INFO  - The car 133 arrived at 2457 sek, as 20 in the queue with 3 people [teststation.Arriving][120, 121, 123, 124, 125, 126, 127, 128, 129, 130, 131, 132, 133, 134, 135, 136, 137, 138, 139, 140]
[main] INFO  - The car 125 is leaving test station at 2489 sek, with 2 people [teststation.Leaving]
[main] INFO  - The car 132 came to test at 2489 sek with 1 people [teststation.Testing]
[main] INFO  - The car 134 arrived at 2545 sek, as 20 in the queue with 1 people [teststation.Arriving][120, 121, 123, 124, 126, 127, 128, 129, 130, 131, 132, 133, 134, 135, 136, 137, 138, 139, 140, 141]
[main] INFO  - The car 133 came to test at 2560 sek with 3 people [teststation.Testing]
[main] INFO  - The car 120 is leaving test station at 2591 sek, with 4 people [teststation.Leaving]
[main] INFO  - The car 130 is leaving test station at 2613 sek, with 1 people [teststation.Leaving]
[main] INFO  - The car 135 arrived at 2620 sek, as 19 in the queue with 4 people [teststation.Arriving][121, 123, 124, 126, 127, 128, 129, 131, 132, 133, 134, 135, 136, 137, 138, 139, 140, 141, 142]
[main] INFO  - The car 131 is leaving test station at 2647 sek, with 1 people [teststation.Leaving]
[main] INFO  - The car 134 came to test at 2650 sek with 1 people [teststation.Testing]
[main] INFO  - The car 124 is leaving test station at 2676 sek, with 3 people [teststation.Leaving]
[main] INFO  - The car 121 is leaving test station at 2678 sek, with 4 people [teststation.Leaving]
[main] INFO  - The car 136 arrived at 2683 sek, as 19 in the queue with 2 people [teststation.Arriving][123, 126, 127, 128, 129, 132, 133, 134, 135, 136, 137, 138, 139, 140, 141, 142, 143, 144, 145]
[main] INFO  - The car 135 came to test at 2698 sek with 4 people [teststation.Testing]
[main] INFO  - The car 137 arrived at 2726 sek, as 20 in the queue with 2 people [teststation.Arriving][123, 126, 127, 128, 129, 132, 133, 134, 135, 136, 137, 138, 139, 140, 141, 142, 143, 144, 145, 146]
[main] INFO  - The car 132 is leaving test station at 2729 sek, with 1 people [teststation.Leaving]
[main] INFO  - The car 136 came to test at 2774 sek with 2 people [teststation.Testing]
[main] INFO  - The car 138 arrived at 2776 sek, as 20 in the queue with 1 people [teststation.Arriving][123, 126, 127, 128, 129, 133, 134, 135, 136, 137, 138, 139, 140, 141, 142, 143, 144, 145, 146, 147]
[main] INFO  - The car 137 came to test at 2789 sek with 2 people [teststation.Testing]
[main] INFO  - The car 123 is leaving test station at 2831 sek, with 4 people [teststation.Leaving]
[main] INFO  - The car 139 arrived at 2844 sek, as 19 in the queue with 1 people [teststation.Arriving][126, 127, 128, 129, 133, 134, 135, 136, 137, 138, 139, 140, 141, 142, 143, 144, 145, 146, 147]
[main] INFO  - The car 127 is leaving test station at 2877 sek, with 3 people [teststation.Leaving]
[main] INFO  - The car 138 came to test at 2878 sek with 1 people [teststation.Testing]
[main] INFO  - The car 134 is leaving test station at 2890 sek, with 1 people [teststation.Leaving]
[main] INFO  - The car 140 arrived at 2929 sek, as 19 in the queue with 1 people [teststation.Arriving][126, 128, 129, 133, 135, 136, 137, 138, 139, 140, 141, 142, 143, 144, 145, 146, 147, 148, 149]
[main] INFO  - The car 139 came to test at 2951 sek with 1 people [teststation.Testing]
[main] INFO  - The car 141 arrived at 2974 sek, as 20 in the queue with 4 people [teststation.Arriving][126, 128, 129, 133, 135, 136, 137, 138, 139, 140, 141, 142, 143, 144, 145, 146, 147, 148, 149, 150]
[main] INFO  - The car 129 is leaving test station at 2992 sek, with 3 people [teststation.Leaving]
[main] INFO  - The car 140 came to test at 3009 sek with 1 people [teststation.Testing]
[main] INFO  - The car 142 arrived at 3022 sek, as 20 in the queue with 2 people [teststation.Arriving][126, 128, 133, 135, 136, 137, 138, 139, 140, 141, 142, 143, 144, 145, 146, 147, 148, 149, 150, 151]
[main] INFO  - The car 126 is leaving test station at 3023 sek, with 4 people [teststation.Leaving]
[main] INFO  - The car 141 came to test at 3078 sek with 4 people [teststation.Testing]
[main] INFO  - The car 142 came to test at 3089 sek with 2 people [teststation.Testing]
[main] INFO  - The car 143 arrived at 3113 sek, as 20 in the queue with 2 people [teststation.Arriving][128, 133, 135, 136, 137, 138, 139, 140, 141, 142, 143, 144, 145, 146, 147, 148, 149, 150, 151, 152]
[main] INFO  - The car 138 is leaving test station at 3118 sek, with 1 people [teststation.Leaving]
[main] INFO  - The car 143 came to test at 3175 sek with 2 people [teststation.Testing]
[main] INFO  - The car 128 is leaving test station at 3190 sek, with 4 people [teststation.Leaving]
[main] INFO  - The car 139 is leaving test station at 3191 sek, with 1 people [teststation.Leaving]
[main] INFO  - The car 144 arrived at 3227 sek, as 19 in the queue with 1 people [teststation.Arriving][133, 135, 136, 137, 140, 141, 142, 143, 144, 145, 146, 147, 148, 149, 150, 151, 152, 153, 154]
[main] INFO  - The car 140 is leaving test station at 3249 sek, with 1 people [teststation.Leaving]
[main] INFO  - The car 136 is leaving test station at 3254 sek, with 2 people [teststation.Leaving]
[main] INFO  - The car 137 is leaving test station at 3269 sek, with 2 people [teststation.Leaving]
[main] INFO  - The car 133 is leaving test station at 3280 sek, with 3 people [teststation.Leaving]
[main] INFO  - The car 145 arrived at 3332 sek, as 19 in the queue with 1 people [teststation.Arriving][135, 141, 142, 143, 144, 145, 146, 147, 148, 149, 150, 151, 152, 153, 154, 155, 156, 157, 158]
[main] INFO  - The car 144 came to test at 3346 sek with 1 people [teststation.Testing]
[main] INFO  - The car 146 arrived at 3401 sek, as 20 in the queue with 4 people [teststation.Arriving][135, 141, 142, 143, 144, 145, 146, 147, 148, 149, 150, 151, 152, 153, 154, 155, 156, 157, 158, 159]
[main] INFO  - The car 145 came to test at 3444 sek with 1 people [teststation.Testing]
[main] INFO  - The car 146 came to test at 3461 sek with 4 people [teststation.Testing]
[main] INFO  - The car 147 arrived at 3513 sek, as 20 in the queue with 1 people [teststation.Arriving][135, 141, 142, 143, 144, 145, 146, 147, 148, 149, 150, 151, 152, 153, 154, 155, 156, 157, 158, 159]
[main] INFO  - The car 142 is leaving test station at 3569 sek, with 2 people [teststation.Leaving]
[main] INFO  - The car 144 is leaving test station at 3586 sek, with 1 people [teststation.Leaving]
[main] INFO  - The car 148 arrived at 3619 sek, as 19 in the queue with 3 people [teststation.Arriving][135, 141, 143, 145, 146, 147, 148, 149, 150, 151, 152, 153, 154, 155, 156, 157, 158, 159, 160]
[main] INFO  - The car 147 came to test at 3630 sek with 1 people [teststation.Testing]
[main] INFO  - The car 143 is leaving test station at 3655 sek, with 2 people [teststation.Leaving]
[main] INFO  - The car 135 is leaving test station at 3658 sek, with 4 people [teststation.Leaving]
[main] INFO  - The car 149 arrived at 3675 sek, as 19 in the queue with 3 people [teststation.Arriving][141, 145, 146, 147, 148, 149, 150, 151, 152, 153, 154, 155, 156, 157, 158, 159, 160, 161, 162]
[main] INFO  - The car 145 is leaving test station at 3684 sek, with 1 people [teststation.Leaving]
[main] INFO  - The car 148 came to test at 3735 sek with 3 people [teststation.Testing]
[main] INFO  - The car 149 came to test at 3762 sek with 3 people [teststation.Testing]
[main] INFO  - The car 150 arrived at 3767 sek, as 20 in the queue with 2 people [teststation.Arriving][141, 146, 147, 148, 149, 150, 151, 152, 153, 154, 155, 156, 157, 158, 159, 160, 161, 162, 163, 164]
[main] INFO  - The car 151 arrived at 3824 sek, as 20 in the queue with 2 people [teststation.Arriving][141, 146, 147, 148, 149, 150, 151, 152, 153, 154, 155, 156, 157, 158, 159, 160, 161, 162, 163, 164]
[main] INFO  - The car 150 came to test at 3827 sek with 2 people [teststation.Testing]
[main] INFO  - The car 147 is leaving test station at 3870 sek, with 1 people [teststation.Leaving]
[main] INFO  - The car 152 arrived at 3891 sek, as 19 in the queue with 4 people [teststation.Arriving][141, 146, 148, 149, 150, 151, 152, 153, 154, 155, 156, 157, 158, 159, 160, 161, 162, 163, 164]
[main] INFO  - The car 151 came to test at 3936 sek with 2 people [teststation.Testing]
[main] INFO  - The car 153 arrived at 3951 sek, as 20 in the queue with 2 people [teststation.Arriving][141, 146, 148, 149, 150, 151, 152, 153, 154, 155, 156, 157, 158, 159, 160, 161, 162, 163, 164, 165]
[main] INFO  - The car 152 came to test at 3988 sek with 4 people [teststation.Testing]
[main] INFO  - The car 141 is leaving test station at 4038 sek, with 4 people [teststation.Leaving]
[main] INFO  - The car 154 arrived at 4060 sek, as 19 in the queue with 3 people [teststation.Arriving][146, 148, 149, 150, 151, 152, 153, 154, 155, 156, 157, 158, 159, 160, 161, 162, 163, 164, 165]
[main] INFO  - The car 153 came to test at 4063 sek with 2 people [teststation.Testing]
[main] INFO  - The car 155 arrived at 4102 sek, as 20 in the queue with 3 people [teststation.Arriving][146, 148, 149, 150, 151, 152, 153, 154, 155, 156, 157, 158, 159, 160, 161, 162, 163, 164, 165, 166]
[main] INFO  - The car 154 came to test at 4132 sek with 3 people [teststation.Testing]
[main] INFO  - The car 156 arrived at 4207 sek, as 20 in the queue with 2 people [teststation.Arriving][146, 148, 149, 150, 151, 152, 153, 154, 155, 156, 157, 158, 159, 160, 161, 162, 163, 164, 165, 166]
[main] INFO  - The car 155 came to test at 4216 sek with 3 people [teststation.Testing]
[main] INFO  - The car 156 came to test at 4268 sek with 2 people [teststation.Testing]
[main] INFO  - The car 150 is leaving test station at 4307 sek, with 2 people [teststation.Leaving]
[main] INFO  - The car 157 arrived at 4317 sek, as 19 in the queue with 2 people [teststation.Arriving][146, 148, 149, 151, 152, 153, 154, 155, 156, 157, 158, 159, 160, 161, 162, 163, 164, 165, 166]
[main] INFO  - The car 158 arrived at 4355 sek, as 20 in the queue with 3 people [teststation.Arriving][146, 148, 149, 151, 152, 153, 154, 155, 156, 157, 158, 159, 160, 161, 162, 163, 164, 165, 166, 167]
[main] INFO  - The car 159 arrived at 4404 sek, as 20 in the queue with 1 people [teststation.Arriving][146, 148, 149, 151, 152, 153, 154, 155, 156, 157, 158, 159, 160, 161, 162, 163, 164, 165, 166, 167]
[main] INFO  - The car 157 came to test at 4406 sek with 2 people [teststation.Testing]
[main] INFO  - The car 151 is leaving test station at 4416 sek, with 2 people [teststation.Leaving]
[main] INFO  - The car 146 is leaving test station at 4421 sek, with 4 people [teststation.Leaving]
[main] INFO  - The car 158 came to test at 4440 sek with 3 people [teststation.Testing]
[main] INFO  - The car 148 is leaving test station at 4455 sek, with 3 people [teststation.Leaving]
[main] INFO  - The car 149 is leaving test station at 4482 sek, with 3 people [teststation.Leaving]
[main] INFO  - The car 159 came to test at 4523 sek with 1 people [teststation.Testing]
[main] INFO  - The car 160 arrived at 4523 sek, as 20 in the queue with 4 people [teststation.Arriving][152, 153, 154, 155, 156, 157, 158, 159, 160, 161, 162, 163, 164, 165, 166, 167, 168, 169, 170, 171]
[main] INFO  - The car 153 is leaving test station at 4543 sek, with 2 people [teststation.Leaving]
[main] INFO  - The car 161 arrived at 4570 sek, as 19 in the queue with 3 people [teststation.Arriving][152, 154, 155, 156, 157, 158, 159, 160, 161, 162, 163, 164, 165, 166, 167, 168, 169, 170, 171]
[main] INFO  - The car 160 came to test at 4609 sek with 4 people [teststation.Testing]
[main] INFO  - The car 162 arrived at 4612 sek, as 20 in the queue with 1 people [teststation.Arriving][152, 154, 155, 156, 157, 158, 159, 160, 161, 162, 163, 164, 165, 166, 167, 168, 169, 170, 171, 172]
[main] INFO  - The car 163 arrived at 4660 sek, as 20 in the queue with 2 people [teststation.Arriving][152, 154, 155, 156, 157, 158, 159, 160, 161, 162, 163, 164, 165, 166, 167, 168, 169, 170, 171, 172]
[main] INFO  - The car 161 came to test at 4662 sek with 3 people [teststation.Testing]
[main] INFO  - The car 164 arrived at 4692 sek, as 20 in the queue with 3 people [teststation.Arriving][152, 154, 155, 156, 157, 158, 159, 160, 161, 162, 163, 164, 165, 166, 167, 168, 169, 170, 171, 172]
[main] INFO  - The car 162 came to test at 4705 sek with 1 people [teststation.Testing]
[main] INFO  - The car 165 arrived at 4742 sek, as 20 in the queue with 2 people [teststation.Arriving][152, 154, 155, 156, 157, 158, 159, 160, 161, 162, 163, 164, 165, 166, 167, 168, 169, 170, 171, 172]
[main] INFO  - The car 156 is leaving test station at 4748 sek, with 2 people [teststation.Leaving]
[main] INFO  - The car 159 is leaving test station at 4763 sek, with 1 people [teststation.Leaving]
[main] INFO  - The car 163 came to test at 4779 sek with 2 people [teststation.Testing]
[main] INFO  - The car 165 came to test at 4803 sek with 2 people [teststation.Testing]
[main] INFO  - The car 164 came to test at 4811 sek with 3 people [teststation.Testing]
[main] INFO  - The car 166 arrived at 4831 sek, as 20 in the queue with 1 people [teststation.Arriving][152, 154, 155, 157, 158, 160, 161, 162, 163, 164, 165, 166, 167, 168, 169, 170, 171, 172, 173, 174]
[main] INFO  - The car 154 is leaving test station at 4852 sek, with 3 people [teststation.Leaving]
[main] INFO  - The car 157 is leaving test station at 4886 sek, with 2 people [teststation.Leaving]
[main] INFO  - The car 166 came to test at 4903 sek with 1 people [teststation.Testing]
[main] INFO  - The car 167 arrived at 4911 sek, as 20 in the queue with 1 people [teststation.Arriving][152, 155, 158, 160, 161, 162, 163, 164, 165, 166, 167, 168, 169, 170, 171, 172, 173, 174, 175, 176]
[main] INFO  - The car 155 is leaving test station at 4936 sek, with 3 people [teststation.Leaving]
[main] INFO  - The car 162 is leaving test station at 4945 sek, with 1 people [teststation.Leaving]
[main] INFO  - The car 152 is leaving test station at 4948 sek, with 4 people [teststation.Leaving]
[main] INFO  - The car 168 arrived at 4957 sek, as 19 in the queue with 1 people [teststation.Arriving][158, 160, 161, 163, 164, 165, 166, 167, 168, 169, 170, 171, 172, 173, 174, 175, 176, 177, 178]
[main] INFO  - The car 167 came to test at 4983 sek with 1 people [teststation.Testing]
[main] INFO  - The car 168 came to test at 5017 sek with 1 people [teststation.Testing]
[main] INFO  - The car 169 arrived at 5061 sek, as 20 in the queue with 2 people [teststation.Arriving][158, 160, 161, 163, 164, 165, 166, 167, 168, 169, 170, 171, 172, 173, 174, 175, 176, 177, 178, 179]
[main] INFO  - The car 166 is leaving test station at 5143 sek, with 1 people [teststation.Leaving]
[main] INFO  - The car 170 arrived at 5156 sek, as 19 in the queue with 3 people [teststation.Arriving][158, 160, 161, 163, 164, 165, 167, 168, 169, 170, 171, 172, 173, 174, 175, 176, 177, 178, 179]
[main] INFO  - The car 158 is leaving test station at 5160 sek, with 3 people [teststation.Leaving]
[main] INFO  - The car 169 came to test at 5171 sek with 2 people [teststation.Testing]
[main] INFO  - The car 167 is leaving test station at 5223 sek, with 1 people [teststation.Leaving]
[main] INFO  - The car 170 came to test at 5227 sek with 3 people [teststation.Testing]
[main] INFO  - The car 168 is leaving test station at 5257 sek, with 1 people [teststation.Leaving]
[main] INFO  - The car 163 is leaving test station at 5259 sek, with 2 people [teststation.Leaving]
[main] INFO  - The car 171 arrived at 5272 sek, as 19 in the queue with 3 people [teststation.Arriving][160, 161, 164, 165, 169, 170, 171, 172, 173, 174, 175, 176, 177, 178, 179, 180, 181, 182, 183]
[main] INFO  - The car 165 is leaving test station at 5283 sek, with 2 people [teststation.Leaving]
[main] INFO  - The car 171 came to test at 5348 sek with 3 people [teststation.Testing]
[main] INFO  - The car 172 arrived at 5377 sek, as 20 in the queue with 3 people [teststation.Arriving][160, 161, 164, 169, 170, 171, 172, 173, 174, 175, 176, 177, 178, 179, 180, 181, 182, 183, 184, 185]
[main] INFO  - The car 161 is leaving test station at 5382 sek, with 3 people [teststation.Leaving]
[main] INFO  - The car 172 came to test at 5450 sek with 3 people [teststation.Testing]
[main] INFO  - The car 173 arrived at 5495 sek, as 20 in the queue with 2 people [teststation.Arriving][160, 164, 169, 170, 171, 172, 173, 174, 175, 176, 177, 178, 179, 180, 181, 182, 183, 184, 185, 186]
[main] INFO  - The car 164 is leaving test station at 5531 sek, with 3 people [teststation.Leaving]
[main] INFO  - The car 160 is leaving test station at 5569 sek, with 4 people [teststation.Leaving]
[main] INFO  - The car 173 came to test at 5572 sek with 2 people [teststation.Testing]
[main] INFO  - The car 174 arrived at 5583 sek, as 20 in the queue with 1 people [teststation.Arriving][169, 170, 171, 172, 173, 174, 175, 176, 177, 178, 179, 180, 181, 182, 183, 184, 185, 186, 187, 188]
[main] INFO  - The car 174 came to test at 5645 sek with 1 people [teststation.Testing]
[main] INFO  - The car 169 is leaving test station at 5651 sek, with 2 people [teststation.Leaving]
[main] INFO  - The car 175 arrived at 5693 sek, as 19 in the queue with 1 people [teststation.Arriving][170, 171, 172, 173, 174, 175, 176, 177, 178, 179, 180, 181, 182, 183, 184, 185, 186, 187, 188]
[main] INFO  - The car 176 arrived at 5736 sek, as 20 in the queue with 1 people [teststation.Arriving][170, 171, 172, 173, 174, 175, 176, 177, 178, 179, 180, 181, 182, 183, 184, 185, 186, 187, 188, 189]
[main] INFO  - The car 175 came to test at 5759 sek with 1 people [teststation.Testing]
[main] INFO  - The car 177 arrived at 5777 sek, as 20 in the queue with 2 people [teststation.Arriving][170, 171, 172, 173, 174, 175, 176, 177, 178, 179, 180, 181, 182, 183, 184, 185, 186, 187, 188, 189]
[main] INFO  - The car 176 came to test at 5804 sek with 1 people [teststation.Testing]
[main] INFO  - The car 178 arrived at 5834 sek, as 20 in the queue with 4 people [teststation.Arriving][170, 171, 172, 173, 174, 175, 176, 177, 178, 179, 180, 181, 182, 183, 184, 185, 186, 187, 188, 189]
[main] INFO  - The car 177 came to test at 5878 sek with 2 people [teststation.Testing]
[main] INFO  - The car 174 is leaving test station at 5885 sek, with 1 people [teststation.Leaving]
[main] INFO  - The car 178 came to test at 5915 sek with 4 people [teststation.Testing]
[main] INFO  - The car 179 arrived at 5922 sek, as 20 in the queue with 3 people [teststation.Arriving][170, 171, 172, 173, 175, 176, 177, 178, 179, 180, 181, 182, 183, 184, 185, 186, 187, 188, 189, 190]
[main] INFO  - The car 170 is leaving test station at 5947 sek, with 3 people [teststation.Leaving]
[main] INFO  - The car 175 is leaving test station at 5999 sek, with 1 people [teststation.Leaving]
[main] INFO  - The car 180 arrived at 5999 sek, as 19 in the queue with 2 people [teststation.Arriving][171, 172, 173, 176, 177, 178, 179, 180, 181, 182, 183, 184, 185, 186, 187, 188, 189, 190, 191]
[main] INFO  - The car 179 came to test at 6022 sek with 3 people [teststation.Testing]
[main] INFO  - The car 176 is leaving test station at 6044 sek, with 1 people [teststation.Leaving]
[main] INFO  - The car 173 is leaving test station at 6052 sek, with 2 people [teststation.Leaving]
[main] INFO  - The car 171 is leaving test station at 6068 sek, with 3 people [teststation.Leaving]
[main] INFO  - The car 180 came to test at 6081 sek with 2 people [teststation.Testing]
[main] INFO  - The car 181 arrived at 6117 sek, as 20 in the queue with 3 people [teststation.Arriving][172, 177, 178, 179, 180, 181, 182, 183, 184, 185, 186, 187, 188, 189, 190, 191, 192, 193, 194, 195]
[main] INFO  - The car 172 is leaving test station at 6170 sek, with 3 people [teststation.Leaving]
[main] INFO  - The car 181 came to test at 6186 sek with 3 people [teststation.Testing]
[main] INFO  - The car 182 arrived at 6208 sek, as 19 in the queue with 4 people [teststation.Arriving][177, 178, 179, 180, 181, 182, 183, 184, 185, 186, 187, 188, 189, 190, 191, 192, 193, 194, 195]
[main] INFO  - The car 183 arrived at 6281 sek, as 19 in the queue with 4 people [teststation.Arriving][177, 178, 179, 180, 181, 182, 183, 184, 185, 186, 187, 188, 189, 190, 191, 192, 193, 194, 195]
[main] INFO  - The car 182 came to test at 6322 sek with 4 people [teststation.Testing]
[main] INFO  - The car 183 came to test at 6342 sek with 4 people [teststation.Testing]
[main] INFO  - The car 184 arrived at 6356 sek, as 19 in the queue with 3 people [teststation.Arriving][177, 178, 179, 180, 181, 182, 183, 184, 185, 186, 187, 188, 189, 190, 191, 192, 193, 194, 195]
[main] INFO  - The car 177 is leaving test station at 6358 sek, with 2 people [teststation.Leaving]
[main] INFO  - The car 185 arrived at 6434 sek, as 18 in the queue with 2 people [teststation.Arriving][178, 179, 180, 181, 182, 183, 184, 185, 186, 187, 188, 189, 190, 191, 192, 193, 194, 195]
[main] INFO  - The car 184 came to test at 6471 sek with 3 people [teststation.Testing]
[main] INFO  - The car 186 arrived at 6475 sek, as 18 in the queue with 4 people [teststation.Arriving][178, 179, 180, 181, 182, 183, 184, 185, 186, 187, 188, 189, 190, 191, 192, 193, 194, 195]
[main] INFO  - The car 185 came to test at 6503 sek with 2 people [teststation.Testing]
[main] INFO  - The car 186 came to test at 6548 sek with 4 people [teststation.Testing]
[main] INFO  - The car 180 is leaving test station at 6561 sek, with 2 people [teststation.Leaving]
[main] INFO  - The car 187 arrived at 6564 sek, as 17 in the queue with 4 people [teststation.Arriving][178, 179, 181, 182, 183, 184, 185, 186, 187, 188, 189, 190, 191, 192, 193, 194, 195]
[main] INFO  - The car 188 arrived at 6634 sek, as 17 in the queue with 4 people [teststation.Arriving][178, 179, 181, 182, 183, 184, 185, 186, 187, 188, 189, 190, 191, 192, 193, 194, 195]
[main] INFO  - The car 187 came to test at 6638 sek with 4 people [teststation.Testing]
[main] INFO  - The car 189 arrived at 6696 sek, as 17 in the queue with 3 people [teststation.Arriving][178, 179, 181, 182, 183, 184, 185, 186, 187, 188, 189, 190, 191, 192, 193, 194, 195]
[main] INFO  - The car 188 came to test at 6705 sek with 4 people [teststation.Testing]
[main] INFO  - The car 179 is leaving test station at 6742 sek, with 3 people [teststation.Leaving]
[main] INFO  - The car 190 arrived at 6770 sek, as 16 in the queue with 4 people [teststation.Arriving][178, 181, 182, 183, 184, 185, 186, 187, 188, 189, 190, 191, 192, 193, 194, 195]
[main] INFO  - The car 189 came to test at 6772 sek with 3 people [teststation.Testing]
[main] INFO  - The car 191 arrived at 6816 sek, as 16 in the queue with 4 people [teststation.Arriving][178, 181, 182, 183, 184, 185, 186, 187, 188, 189, 190, 191, 192, 193, 194, 195]
[main] INFO  - The car 190 came to test at 6845 sek with 4 people [teststation.Testing]
[main] INFO  - The car 178 is leaving test station at 6875 sek, with 4 people [teststation.Leaving]
[main] INFO  - The car 181 is leaving test station at 6906 sek, with 3 people [teststation.Leaving]
[main] INFO  - The car 192 arrived at 6910 sek, as 14 in the queue with 4 people [teststation.Arriving][182, 183, 184, 185, 186, 187, 188, 189, 190, 191, 192, 193, 194, 195]
[main] INFO  - The car 191 came to test at 6928 sek with 4 people [teststation.Testing]
[main] INFO  - The car 193 arrived at 6958 sek, as 14 in the queue with 3 people [teststation.Arriving][182, 183, 184, 185, 186, 187, 188, 189, 190, 191, 192, 193, 194, 195]
[main] INFO  - The car 185 is leaving test station at 6983 sek, with 2 people [teststation.Leaving]
[main] INFO  - The car 193 came to test at 7028 sek with 3 people [teststation.Testing]
[main] INFO  - The car 192 came to test at 7029 sek with 4 people [teststation.Testing]
[main] INFO  - The car 194 arrived at 7062 sek, as 13 in the queue with 1 people [teststation.Arriving][182, 183, 184, 186, 187, 188, 189, 190, 191, 192, 193, 194, 195]
[main] INFO  - The car 194 came to test at 7153 sek with 1 people [teststation.Testing]
[main] INFO  - The car 195 arrived at 7179 sek, as 13 in the queue with 4 people [teststation.Arriving][182, 183, 184, 186, 187, 188, 189, 190, 191, 192, 193, 194, 195]
[main] INFO  - The car 184 is leaving test station at 7191 sek, with 3 people [teststation.Leaving]
[main] INFO  - The car 195 came to test at 7259 sek with 4 people [teststation.Testing]
[main] INFO  - The car 182 is leaving test station at 7282 sek, with 4 people [teststation.Leaving]
[main] INFO  - The car 183 is leaving test station at 7302 sek, with 4 people [teststation.Leaving]
[main] INFO  - The car 194 is leaving test station at 7393 sek, with 1 people [teststation.Leaving]
[main] INFO  - The car 189 is leaving test station at 7492 sek, with 3 people [teststation.Leaving]
[main] INFO  - The car 186 is leaving test station at 7508 sek, with 4 people [teststation.Leaving]
[main] INFO  - The car 187 is leaving test station at 7598 sek, with 4 people [teststation.Leaving]
[main] INFO  - The car 188 is leaving test station at 7665 sek, with 4 people [teststation.Leaving]
[main] INFO  - The car 193 is leaving test station at 7748 sek, with 3 people [teststation.Leaving]
[main] INFO  - The car 190 is leaving test station at 7805 sek, with 4 people [teststation.Leaving]
[main] INFO  - The car 191 is leaving test station at 7888 sek, with 4 people [teststation.Leaving]
[main] INFO  - The car 192 is leaving test station at 7989 sek, with 4 people [teststation.Leaving]
[main] INFO  - The car 195 is leaving test station at 8219 sek, with 4 people [teststation.Leaving]
