[main] INFO  - The car 0 arrived at 0 sek, as 1 in the queue with 1 people [teststation.Arriving][0]
[main] INFO  - The car 1 arrived at 112 sek, as 2 in the queue with 1 people [teststation.Arriving][0, 1]
[main] INFO  - The car 2 arrived at 223 sek, as 3 in the queue with 1 people [teststation.Arriving][0, 1, 2]
[main] INFO  - The car 0 came to test at 119 sek with 1 people [teststation.Testing]
[main] INFO  - The car 3 arrived at 258 sek, as 4 in the queue with 2 people [teststation.Arriving][0, 1, 2, 3]
[main] INFO  - The car 1 came to test at 196 sek with 1 people [teststation.Testing]
[main] INFO  - The car 4 arrived at 325 sek, as 5 in the queue with 2 people [teststation.Arriving][0, 1, 2, 3, 4]
[main] INFO  - The car 5 arrived at 424 sek, as 6 in the queue with 2 people [teststation.Arriving][0, 1, 2, 3, 4, 5]
[main] INFO  - The car 6 arrived at 456 sek, as 7 in the queue with 3 people [teststation.Arriving][0, 1, 2, 3, 4, 5, 6]
[main] INFO  - The car 2 came to test at 317 sek with 1 people [teststation.Testing]
[main] INFO  - The car 7 arrived at 568 sek, as 8 in the queue with 1 people [teststation.Arriving][0, 1, 2, 3, 4, 5, 6, 7]
[main] INFO  - The car 8 arrived at 678 sek, as 9 in the queue with 4 people [teststation.Arriving][0, 1, 2, 3, 4, 5, 6, 7, 8]
[main] INFO  - The car 3 came to test at 353 sek with 2 people [teststation.Testing]
[main] INFO  - The car 9 arrived at 788 sek, as 10 in the queue with 4 people [teststation.Arriving][0, 1, 2, 3, 4, 5, 6, 7, 8, 9]
[main] INFO  - The car 0 is leaving test station at 359 sek, with 1 people [teststation.Leaving]
[main] INFO  - The car 10 with 2 people came and goes
[main] INFO  - The car 4 came to test at 387 sek with 2 people [teststation.Testing]
[main] INFO  - The car 11 arrived at 852 sek, as 10 in the queue with 2 people [teststation.Arriving][1, 2, 3, 4, 5, 6, 7, 8, 9, 11]
[main] INFO  - The car 12 with 2 people came and goes
[main] INFO  - The car 1 is leaving test station at 436 sek, with 1 people [teststation.Leaving]
[main] INFO  - The car 13 with 3 people came and goes
[main] INFO  - The car 14 arrived at 903 sek, as 10 in the queue with 2 people [teststation.Arriving][2, 3, 4, 5, 6, 7, 8, 9, 11, 14]
[main] INFO  - The car 5 came to test at 492 sek with 2 people [teststation.Testing]
[main] INFO  - The car 15 with 4 people came and goes
[main] INFO  - The car 2 is leaving test station at 557 sek, with 1 people [teststation.Leaving]
[main] INFO  - The car 16 with 3 people came and goes
[main] INFO  - The car 6 came to test at 564 sek with 3 people [teststation.Testing]
[main] INFO  - The car 17 arrived at 1007 sek, as 10 in the queue with 1 people [teststation.Arriving][3, 4, 5, 6, 7, 8, 9, 11, 14, 17]
[main] INFO  - The car 18 with 4 people came and goes
[main] INFO  - The car 19 with 4 people came and goes
[main] INFO  - The car 7 came to test at 685 sek with 1 people [teststation.Testing]
[main] INFO  - The car 20 with 2 people came and goes
[main] INFO  - The car 8 came to test at 765 sek with 4 people [teststation.Testing]
[main] INFO  - The car 21 with 3 people came and goes
[main] INFO  - The car 22 with 1 people came and goes
[main] INFO  - The car 3 is leaving test station at 833 sek, with 2 people [teststation.Leaving]
[main] INFO  - The car 23 with 1 people came and goes
[main] INFO  - The car 24 arrived at 1124 sek, as 10 in the queue with 3 people [teststation.Arriving][4, 5, 6, 7, 8, 9, 11, 14, 17, 24]
[main] INFO  - The car 9 came to test at 865 sek with 4 people [teststation.Testing]
[main] INFO  - The car 25 with 2 people came and goes
[main] INFO  - The car 4 is leaving test station at 867 sek, with 2 people [teststation.Leaving]
[main] INFO  - The car 26 with 3 people came and goes
[main] INFO  - The car 27 arrived at 1207 sek, as 10 in the queue with 2 people [teststation.Arriving][5, 6, 7, 8, 9, 11, 14, 17, 24, 27]
[main] INFO  - The car 7 is leaving test station at 925 sek, with 1 people [teststation.Leaving]
[main] INFO  - The car 28 with 4 people came and goes
[main] INFO  - The car 11 came to test at 952 sek with 2 people [teststation.Testing]
[main] INFO  - The car 29 arrived at 1299 sek, as 10 in the queue with 3 people [teststation.Arriving][5, 6, 8, 9, 11, 14, 17, 24, 27, 29]
[main] INFO  - The car 5 is leaving test station at 972 sek, with 2 people [teststation.Leaving]
[main] INFO  - The car 30 with 1 people came and goes
[main] INFO  - The car 14 came to test at 983 sek with 2 people [teststation.Testing]
[main] INFO  - The car 31 arrived at 1416 sek, as 10 in the queue with 1 people [teststation.Arriving][6, 8, 9, 11, 14, 17, 24, 27, 29, 31]
[main] INFO  - The car 32 with 4 people came and goes
[main] INFO  - The car 17 came to test at 1089 sek with 1 people [teststation.Testing]
[main] INFO  - The car 33 with 4 people came and goes
[main] INFO  - The car 34 with 1 people came and goes
[main] INFO  - The car 35 with 2 people came and goes
[main] INFO  - The car 24 came to test at 1215 sek with 3 people [teststation.Testing]
[main] INFO  - The car 36 with 1 people came and goes
[main] INFO  - The car 6 is leaving test station at 1284 sek, with 3 people [teststation.Leaving]
[main] INFO  - The car 37 with 3 people came and goes
[main] INFO  - The car 38 arrived at 1494 sek, as 10 in the queue with 2 people [teststation.Arriving][8, 9, 11, 14, 17, 24, 27, 29, 31, 38]
[main] INFO  - The car 27 came to test at 1324 sek with 2 people [teststation.Testing]
[main] INFO  - The car 39 with 4 people came and goes
[main] INFO  - The car 17 is leaving test station at 1329 sek, with 1 people [teststation.Leaving]
[main] INFO  - The car 40 with 3 people came and goes
[main] INFO  - The car 29 came to test at 1384 sek with 3 people [teststation.Testing]
[main] INFO  - The car 41 arrived at 1535 sek, as 10 in the queue with 3 people [teststation.Arriving][8, 9, 11, 14, 24, 27, 29, 31, 38, 41]
[main] INFO  - The car 42 with 2 people came and goes
[main] INFO  - The car 11 is leaving test station at 1432 sek, with 2 people [teststation.Leaving]
[main] INFO  - The car 43 with 2 people came and goes
[main] INFO  - The car 14 is leaving test station at 1463 sek, with 2 people [teststation.Leaving]
[main] INFO  - The car 44 arrived at 1582 sek, as 10 in the queue with 1 people [teststation.Arriving][8, 9, 14, 24, 27, 29, 31, 38, 41, 44]
[main] INFO  - The car 45 arrived at 1677 sek, as 10 in the queue with 1 people [teststation.Arriving][8, 9, 24, 27, 29, 31, 38, 41, 44, 45]
[main] INFO  - The car 31 came to test at 1520 sek with 1 people [teststation.Testing]
[main] INFO  - The car 46 with 4 people came and goes
[main] INFO  - The car 47 with 4 people came and goes
[main] INFO  - The car 48 with 4 people came and goes
[main] INFO  - The car 41 came to test at 1607 sek with 3 people [teststation.Testing]
[main] INFO  - The car 49 with 4 people came and goes
[main] INFO  - The car 38 came to test at 1611 sek with 2 people [teststation.Testing]
[main] INFO  - The car 50 with 2 people came and goes
[main] INFO  - The car 44 came to test at 1648 sek with 1 people [teststation.Testing]
[main] INFO  - The car 51 with 1 people came and goes
[main] INFO  - The car 52 with 2 people came and goes
[main] INFO  - The car 8 is leaving test station at 1725 sek, with 4 people [teststation.Leaving]
[main] INFO  - The car 53 with 4 people came and goes
[main] INFO  - The car 31 is leaving test station at 1760 sek, with 1 people [teststation.Leaving]
[main] INFO  - The car 54 arrived at 1738 sek, as 10 in the queue with 1 people [teststation.Arriving][9, 24, 27, 29, 31, 38, 41, 44, 45, 54]
[main] INFO  - The car 31 is leaving test station at 1760 sek, with 1 people [teststation.Leaving]
[main] INFO  - The car 55 with 4 people came and goes
[main] INFO  - The car 45 came to test at 1781 sek with 1 people [teststation.Testing]
[main] INFO  - The car 56 arrived at 1836 sek, as 10 in the queue with 2 people [teststation.Arriving][9, 24, 27, 29, 38, 41, 44, 45, 54, 56]
[main] INFO  - The car 27 is leaving test station at 1804 sek, with 2 people [teststation.Leaving]
[main] INFO  - The car 57 with 3 people came and goes
[main] INFO  - The car 9 is leaving test station at 1825 sek, with 4 people [teststation.Leaving]
[main] INFO  - The car 58 arrived at 1889 sek, as 10 in the queue with 3 people [teststation.Arriving][9, 24, 29, 38, 41, 44, 45, 54, 56, 58]
[main] INFO  - The car 59 arrived at 1919 sek, as 10 in the queue with 3 people [teststation.Arriving][24, 29, 38, 41, 44, 45, 54, 56, 58, 59]
[main] INFO  - The car 54 came to test at 1842 sek with 1 people [teststation.Testing]
[main] INFO  - The car 60 with 4 people came and goes
[main] INFO  - The car 44 is leaving test station at 1888 sek, with 1 people [teststation.Leaving]
[main] INFO  - The car 61 with 3 people came and goes
[main] INFO  - The car 62 arrived at 1956 sek, as 10 in the queue with 1 people [teststation.Arriving][24, 29, 38, 41, 45, 54, 56, 58, 59, 62]
[main] INFO  - The car 63 with 2 people came and goes
[main] INFO  - The car 24 is leaving test station at 1935 sek, with 3 people [teststation.Leaving]
[main] INFO  - The car 64 with 2 people came and goes
[main] INFO  - The car 56 came to test at 1938 sek with 2 people [teststation.Testing]
[main] INFO  - The car 65 arrived at 2049 sek, as 10 in the queue with 2 people [teststation.Arriving][29, 38, 41, 45, 54, 56, 58, 59, 62, 65]
[main] INFO  - The car 66 with 2 people came and goes
[main] INFO  - The car 58 came to test at 1962 sek with 3 people [teststation.Testing]
[main] INFO  - The car 67 with 1 people came and goes
[main] INFO  - The car 59 came to test at 1985 sek with 3 people [teststation.Testing]
[main] INFO  - The car 68 with 1 people came and goes
[main] INFO  - The car 45 is leaving test station at 2021 sek, with 1 people [teststation.Leaving]
[main] INFO  - The car 69 with 2 people came and goes
[main] INFO  - The car 62 came to test at 2026 sek with 1 people [teststation.Testing]
[main] INFO  - The car 70 arrived at 2103 sek, as 10 in the queue with 2 people [teststation.Arriving][29, 38, 41, 54, 56, 58, 59, 62, 65, 70]
[main] INFO  - The car 71 with 2 people came and goes
[main] INFO  - The car 54 is leaving test station at 2082 sek, with 1 people [teststation.Leaving]
[main] INFO  - The car 72 with 3 people came and goes
[main] INFO  - The car 38 is leaving test station at 2091 sek, with 2 people [teststation.Leaving]
[main] INFO  - The car 73 arrived at 2219 sek, as 10 in the queue with 2 people [teststation.Arriving][29, 38, 41, 56, 58, 59, 62, 65, 70, 73]
[main] INFO  - The car 74 arrived at 2298 sek, as 10 in the queue with 2 people [teststation.Arriving][29, 41, 56, 58, 59, 62, 65, 70, 73, 74]
[main] INFO  - The car 29 is leaving test station at 2104 sek, with 3 people [teststation.Leaving]
[main] INFO  - The car 75 with 4 people came and goes
[main] INFO  - The car 65 came to test at 2155 sek with 2 people [teststation.Testing]
[main] INFO  - The car 76 arrived at 2401 sek, as 10 in the queue with 3 people [teststation.Arriving][41, 56, 58, 59, 62, 65, 70, 73, 74, 76]
[main] INFO  - The car 70 came to test at 2177 sek with 2 people [teststation.Testing]
[main] INFO  - The car 77 with 4 people came and goes
[main] INFO  - The car 78 with 4 people came and goes
[main] INFO  - The car 62 is leaving test station at 2266 sek, with 1 people [teststation.Leaving]
[main] INFO  - The car 79 with 4 people came and goes
[main] INFO  - The car 73 came to test at 2295 sek with 2 people [teststation.Testing]
[main] INFO  - The car 80 arrived at 2433 sek, as 10 in the queue with 2 people [teststation.Arriving][41, 56, 58, 59, 65, 70, 73, 74, 76, 80]
[main] INFO  - The car 81 with 2 people came and goes
[main] INFO  - The car 41 is leaving test station at 2327 sek, with 3 people [teststation.Leaving]
[main] INFO  - The car 82 with 3 people came and goes
[main] INFO  - The car 74 came to test at 2387 sek with 2 people [teststation.Testing]
[main] INFO  - The car 83 arrived at 2479 sek, as 10 in the queue with 3 people [teststation.Arriving][56, 58, 59, 65, 70, 73, 74, 76, 80, 83]
[main] INFO  - The car 84 with 1 people came and goes
[main] INFO  - The car 56 is leaving test station at 2418 sek, with 2 people [teststation.Leaving]
[main] INFO  - The car 85 with 1 people came and goes
[main] INFO  - The car 86 arrived at 2553 sek, as 10 in the queue with 2 people [teststation.Arriving][58, 59, 65, 70, 73, 74, 76, 80, 83, 86]
[main] INFO  - The car 87 with 3 people came and goes
[main] INFO  - The car 80 came to test at 2497 sek with 2 people [teststation.Testing]
[main] INFO  - The car 88 with 4 people came and goes
[main] INFO  - The car 76 came to test at 2510 sek with 3 people [teststation.Testing]
[main] INFO  - The car 89 with 2 people came and goes
[main] INFO  - The car 90 with 1 people came and goes
[main] INFO  - The car 83 came to test at 2554 sek with 3 people [teststation.Testing]
[main] INFO  - The car 91 with 3 people came and goes
[main] INFO  - The car 65 is leaving test station at 2635 sek, with 2 people [teststation.Leaving]
[main] INFO  - The car 92 with 4 people came and goes
[main] INFO  - The car 86 came to test at 2639 sek with 2 people [teststation.Testing]
[main] INFO  - The car 93 arrived at 2628 sek, as 10 in the queue with 3 people [teststation.Arriving][58, 59, 70, 73, 74, 76, 80, 83, 86, 93]
[main] INFO  - The car 86 came to test at 2639 sek with 2 people [teststation.Testing]
[main] INFO  - The car 94 with 3 people came and goes
[main] INFO  - The car 70 is leaving test station at 2657 sek, with 2 people [teststation.Leaving]
[main] INFO  - The car 95 with 1 people came and goes
[main] INFO  - The car 58 is leaving test station at 2682 sek, with 3 people [teststation.Leaving]
[main] INFO  - The car 96 arrived at 2709 sek, as 10 in the queue with 3 people [teststation.Arriving][58, 59, 73, 74, 76, 80, 83, 86, 93, 96]
[main] INFO  - The car 59 is leaving test station at 2705 sek, with 3 people [teststation.Leaving]
[main] INFO  - The car 97 arrived at 2747 sek, as 10 in the queue with 4 people [teststation.Arriving][59, 73, 74, 76, 80, 83, 86, 93, 96, 97]
[main] INFO  - The car 98 arrived at 2817 sek, as 10 in the queue with 1 people [teststation.Arriving][73, 74, 76, 80, 83, 86, 93, 96, 97, 98]
[main] INFO  - The car 93 came to test at 2729 sek with 3 people [teststation.Testing]
[main] INFO  - The car 99 with 4 people came and goes
[main] INFO  - The car 100 with 3 people came and goes
[main] INFO  - The car 96 came to test at 2773 sek with 3 people [teststation.Testing]
[main] INFO  - The car 101 with 2 people came and goes
[main] INFO  - The car 73 is leaving test station at 2775 sek, with 2 people [teststation.Leaving]
[main] INFO  - The car 102 with 1 people came and goes
[main] INFO  - The car 103 arrived at 2918 sek, as 10 in the queue with 1 people [teststation.Arriving][74, 76, 80, 83, 86, 93, 96, 97, 98, 103]
[main] INFO  - The car 97 came to test at 2824 sek with 4 people [teststation.Testing]
[main] INFO  - The car 104 with 1 people came and goes
[main] INFO  - The car 74 is leaving test station at 2867 sek, with 2 people [teststation.Leaving]
[main] INFO  - The car 105 with 2 people came and goes
[main] INFO  - The car 106 arrived at 2968 sek, as 10 in the queue with 3 people [teststation.Arriving][76, 80, 83, 86, 93, 96, 97, 98, 103, 106]
[main] INFO  - The car 98 came to test at 2933 sek with 1 people [teststation.Testing]
[main] INFO  - The car 107 with 2 people came and goes
[main] INFO  - The car 108 with 1 people came and goes
[main] INFO  - The car 80 is leaving test station at 2977 sek, with 2 people [teststation.Leaving]
[main] INFO  - The car 109 with 2 people came and goes
[main] INFO  - The car 103 came to test at 2981 sek with 1 people [teststation.Testing]
[main] INFO  - The car 110 arrived at 3021 sek, as 10 in the queue with 4 people [teststation.Arriving][76, 83, 86, 93, 96, 97, 98, 103, 106, 110]
[main] INFO  - The car 111 with 4 people came and goes
[main] INFO  - The car 106 came to test at 3069 sek with 3 people [teststation.Testing]
[main] INFO  - The car 112 with 1 people came and goes
[main] INFO  - The car 110 came to test at 3116 sek with 4 people [teststation.Testing]
[main] INFO  - The car 113 with 2 people came and goes
[main] INFO  - The car 86 is leaving test station at 3119 sek, with 2 people [teststation.Leaving]
[main] INFO  - The car 114 with 2 people came and goes
[main] INFO  - The car 98 is leaving test station at 3173 sek, with 1 people [teststation.Leaving]
[main] INFO  - The car 115 arrived at 3097 sek, as 10 in the queue with 1 people [teststation.Arriving][76, 83, 93, 96, 97, 98, 103, 106, 110, 115]
[main] INFO  - The car 98 is leaving test station at 3173 sek, with 1 people [teststation.Leaving]
[main] INFO  - The car 116 with 1 people came and goes
[main] INFO  - The car 115 came to test at 3209 sek with 1 people [teststation.Testing]
[main] INFO  - The car 117 arrived at 3212 sek, as 10 in the queue with 1 people [teststation.Arriving][76, 83, 93, 96, 97, 103, 106, 110, 115, 117]
[main] INFO  - The car 118 with 1 people came and goes
[main] INFO  - The car 103 is leaving test station at 3221 sek, with 1 people [teststation.Leaving]
[main] INFO  - The car 119 with 2 people came and goes
[main] INFO  - The car 76 is leaving test station at 3230 sek, with 3 people [teststation.Leaving]
[main] INFO  - The car 120 arrived at 3308 sek, as 10 in the queue with 4 people [teststation.Arriving][76, 83, 93, 96, 97, 106, 110, 115, 117, 120]
[main] INFO  - The car 83 is leaving test station at 3274 sek, with 3 people [teststation.Leaving]
[main] INFO  - The car 121 arrived at 3417 sek, as 10 in the queue with 3 people [teststation.Arriving][83, 93, 96, 97, 106, 110, 115, 117, 120, 121]
[main] INFO  - The car 122 arrived at 3458 sek, as 10 in the queue with 2 people [teststation.Arriving][93, 96, 97, 106, 110, 115, 117, 120, 121, 122]
[main] INFO  - The car 117 came to test at 3324 sek with 1 people [teststation.Testing]
[main] INFO  - The car 123 with 4 people came and goes
[main] INFO  - The car 120 came to test at 3411 sek with 4 people [teststation.Testing]
[main] INFO  - The car 124 with 2 people came and goes
[main] INFO  - The car 125 with 3 people came and goes
[main] INFO  - The car 115 is leaving test station at 3449 sek, with 1 people [teststation.Leaving]
[main] INFO  - The car 126 with 2 people came and goes
[main] INFO  - The car 93 is leaving test station at 3449 sek, with 3 people [teststation.Leaving]
[main] INFO  - The car 127 arrived at 3571 sek, as 10 in the queue with 2 people [teststation.Arriving][93, 96, 97, 106, 110, 117, 120, 121, 122, 127]
[main] INFO  - The car 128 arrived at 3612 sek, as 10 in the queue with 3 people [teststation.Arriving][96, 97, 106, 110, 117, 120, 121, 122, 127, 128]
[main] INFO  - The car 96 is leaving test station at 3493 sek, with 3 people [teststation.Leaving]
[main] INFO  - The car 129 with 2 people came and goes
[main] INFO  - The car 121 came to test at 3524 sek with 3 people [teststation.Testing]
[main] INFO  - The car 130 arrived at 3689 sek, as 10 in the queue with 3 people [teststation.Arriving][97, 106, 110, 117, 120, 121, 122, 127, 128, 130]
[main] INFO  - The car 117 is leaving test station at 3564 sek, with 1 people [teststation.Leaving]
[main] INFO  - The car 131 with 2 people came and goes
[main] INFO  - The car 122 came to test at 3566 sek with 2 people [teststation.Testing]
[main] INFO  - The car 132 arrived at 3748 sek, as 10 in the queue with 4 people [teststation.Arriving][97, 106, 110, 120, 121, 122, 127, 128, 130, 132]
[main] INFO  - The car 133 with 3 people came and goes
[main] INFO  - The car 134 with 2 people came and goes
[main] INFO  - The car 127 came to test at 3668 sek with 2 people [teststation.Testing]
[main] INFO  - The car 135 with 2 people came and goes
[main] INFO  - The car 136 with 3 people came and goes
[main] INFO  - The car 128 came to test at 3722 sek with 3 people [teststation.Testing]
[main] INFO  - The car 137 with 3 people came and goes
[main] INFO  - The car 138 with 1 people came and goes
[main] INFO  - The car 130 came to test at 3766 sek with 3 people [teststation.Testing]
[main] INFO  - The car 139 with 3 people came and goes
[main] INFO  - The car 97 is leaving test station at 3784 sek, with 4 people [teststation.Leaving]
[main] INFO  - The car 140 with 2 people came and goes
[main] INFO  - The car 106 is leaving test station at 3789 sek, with 3 people [teststation.Leaving]
[main] INFO  - The car 141 arrived at 3806 sek, as 10 in the queue with 3 people [teststation.Arriving][106, 110, 120, 121, 122, 127, 128, 130, 132, 141]
[main] INFO  - The car 142 arrived at 3875 sek, as 10 in the queue with 1 people [teststation.Arriving][110, 120, 121, 122, 127, 128, 130, 132, 141, 142]
[main] INFO  - The car 132 came to test at 3849 sek with 4 people [teststation.Testing]
[main] INFO  - The car 143 with 3 people came and goes
[main] INFO  - The car 144 with 4 people came and goes
[main] INFO  - The car 141 came to test at 3903 sek with 3 people [teststation.Testing]
[main] INFO  - The car 145 with 1 people came and goes
[main] INFO  - The car 142 came to test at 3982 sek with 1 people [teststation.Testing]
[main] INFO  - The car 146 with 2 people came and goes
[main] INFO  - The car 122 is leaving test station at 4046 sek, with 2 people [teststation.Leaving]
[main] INFO  - The car 147 with 3 people came and goes
[main] INFO  - The car 110 is leaving test station at 4076 sek, with 4 people [teststation.Leaving]
[main] INFO  - The car 148 arrived at 3972 sek, as 10 in the queue with 2 people [teststation.Arriving][110, 120, 121, 127, 128, 130, 132, 141, 142, 148]
[main] INFO  - The car 148 came to test at 4048 sek with 2 people [teststation.Testing]
[main] INFO  - The car 149 with 1 people came and goes
[main] INFO  - The car 110 is leaving test station at 4076 sek, with 4 people [teststation.Leaving]
[main] INFO  - The car 150 with 3 people came and goes
[main] INFO  - The car 127 is leaving test station at 4148 sek, with 2 people [teststation.Leaving]
[main] INFO  - The car 151 arrived at 4008 sek, as 10 in the queue with 2 people [teststation.Arriving][120, 121, 127, 128, 130, 132, 141, 142, 148, 151]
[main] INFO  - The car 151 came to test at 4089 sek with 2 people [teststation.Testing]
[main] INFO  - The car 152 with 2 people came and goes
[main] INFO  - The car 127 is leaving test station at 4148 sek, with 2 people [teststation.Leaving]
[main] INFO  - The car 153 with 2 people came and goes
[main] INFO  - The car 142 is leaving test station at 4222 sek, with 1 people [teststation.Leaving]
[main] INFO  - The car 154 arrived at 4115 sek, as 10 in the queue with 4 people [teststation.Arriving][120, 121, 128, 130, 132, 141, 142, 148, 151, 154]
[main] INFO  - The car 154 came to test at 4194 sek with 4 people [teststation.Testing]
[main] INFO  - The car 155 with 4 people came and goes
[main] INFO  - The car 142 is leaving test station at 4222 sek, with 1 people [teststation.Leaving]
[main] INFO  - The car 156 with 2 people came and goes
[main] INFO  - The car 121 is leaving test station at 4244 sek, with 3 people [teststation.Leaving]
[main] INFO  - The car 157 arrived at 4228 sek, as 10 in the queue with 4 people [teststation.Arriving][120, 121, 128, 130, 132, 141, 148, 151, 154, 157]
[main] INFO  - The car 121 is leaving test station at 4244 sek, with 3 people [teststation.Leaving]
[main] INFO  - The car 158 with 3 people came and goes
[main] INFO  - The car 157 came to test at 4307 sek with 4 people [teststation.Testing]
[main] INFO  - The car 159 arrived at 4307 sek, as 10 in the queue with 4 people [teststation.Arriving][120, 128, 130, 132, 141, 148, 151, 154, 157, 159]
[main] INFO  - The car 157 came to test at 4307 sek with 4 people [teststation.Testing]
[main] INFO  - The car 160 with 3 people came and goes
[main] INFO  - The car 120 is leaving test station at 4371 sek, with 4 people [teststation.Leaving]
[main] INFO  - The car 161 with 4 people came and goes
[main] INFO  - The car 159 came to test at 4397 sek with 4 people [teststation.Testing]
[main] INFO  - The car 162 arrived at 4421 sek, as 10 in the queue with 1 people [teststation.Arriving][128, 130, 132, 141, 148, 151, 154, 157, 159, 162]
[main] INFO  - The car 163 with 3 people came and goes
[main] INFO  - The car 128 is leaving test station at 4442 sek, with 3 people [teststation.Leaving]
[main] INFO  - The car 164 with 2 people came and goes
[main] INFO  - The car 130 is leaving test station at 4486 sek, with 3 people [teststation.Leaving]
[main] INFO  - The car 165 arrived at 4490 sek, as 10 in the queue with 3 people [teststation.Arriving][130, 132, 141, 148, 151, 154, 157, 159, 162, 165]
[main] INFO  - The car 166 arrived at 4556 sek, as 10 in the queue with 2 people [teststation.Arriving][132, 141, 148, 151, 154, 157, 159, 162, 165, 166]
[main] INFO  - The car 162 came to test at 4507 sek with 1 people [teststation.Testing]
[main] INFO  - The car 167 with 3 people came and goes
[main] INFO  - The car 148 is leaving test station at 4528 sek, with 2 people [teststation.Leaving]
[main] INFO  - The car 168 with 4 people came and goes
[main] INFO  - The car 169 arrived at 4625 sek, as 10 in the queue with 1 people [teststation.Arriving][132, 141, 151, 154, 157, 159, 162, 165, 166, 169]
[main] INFO  - The car 151 is leaving test station at 4569 sek, with 2 people [teststation.Leaving]
[main] INFO  - The car 170 with 2 people came and goes
[main] INFO  - The car 165 came to test at 4608 sek with 3 people [teststation.Testing]
[main] INFO  - The car 171 arrived at 4693 sek, as 10 in the queue with 1 people [teststation.Arriving][132, 141, 154, 157, 159, 162, 165, 166, 169, 171]
[main] INFO  - The car 141 is leaving test station at 4623 sek, with 3 people [teststation.Leaving]
[main] INFO  - The car 172 with 4 people came and goes
[main] INFO  - The car 173 arrived at 4799 sek, as 10 in the queue with 1 people [teststation.Arriving][132, 154, 157, 159, 162, 165, 166, 169, 171, 173]
[main] INFO  - The car 166 came to test at 4652 sek with 2 people [teststation.Testing]
[main] INFO  - The car 174 with 4 people came and goes
[main] INFO  - The car 175 with 2 people came and goes
[main] INFO  - The car 169 came to test at 4701 sek with 1 people [teststation.Testing]
[main] INFO  - The car 176 with 4 people came and goes
[main] INFO  - The car 162 is leaving test station at 4747 sek, with 1 people [teststation.Leaving]
[main] INFO  - The car 177 with 3 people came and goes
[main] INFO  - The car 171 came to test at 4798 sek with 1 people [teststation.Testing]
[main] INFO  - The car 178 arrived at 4916 sek, as 10 in the queue with 2 people [teststation.Arriving][132, 154, 157, 159, 165, 166, 169, 171, 173, 178]
[main] INFO  - The car 179 with 4 people came and goes
[main] INFO  - The car 132 is leaving test station at 4809 sek, with 4 people [teststation.Leaving]
[main] INFO  - The car 180 with 2 people came and goes
[main] INFO  - The car 173 came to test at 4912 sek with 1 people [teststation.Testing]
[main] INFO  - The car 181 arrived at 5006 sek, as 10 in the queue with 3 people [teststation.Arriving][154, 157, 159, 165, 166, 169, 171, 173, 178, 181]
[main] INFO  - The car 182 with 4 people came and goes
[main] INFO  - The car 169 is leaving test station at 4941 sek, with 1 people [teststation.Leaving]
[main] INFO  - The car 183 with 3 people came and goes
[main] INFO  - The car 184 arrived at 5094 sek, as 10 in the queue with 4 people [teststation.Arriving][154, 157, 159, 165, 166, 171, 173, 178, 181, 184]
[main] INFO  - The car 178 came to test at 5020 sek with 2 people [teststation.Testing]
[main] INFO  - The car 185 with 4 people came and goes
[main] INFO  - The car 171 is leaving test station at 5038 sek, with 1 people [teststation.Leaving]
[main] INFO  - The car 186 with 4 people came and goes
[main] INFO  - The car 181 came to test at 5070 sek with 3 people [teststation.Testing]
[main] INFO  - The car 187 arrived at 5186 sek, as 10 in the queue with 3 people [teststation.Arriving][154, 157, 159, 165, 166, 173, 178, 181, 184, 187]
[main] INFO  - The car 188 with 4 people came and goes
[main] INFO  - The car 166 is leaving test station at 5132 sek, with 2 people [teststation.Leaving]
[main] INFO  - The car 189 with 1 people came and goes
[main] INFO  - The car 173 is leaving test station at 5152 sek, with 1 people [teststation.Leaving]
[main] INFO  - The car 190 arrived at 5264 sek, as 10 in the queue with 4 people [teststation.Arriving][154, 157, 159, 165, 173, 178, 181, 184, 187, 190]
[main] INFO  - The car 154 is leaving test station at 5154 sek, with 4 people [teststation.Leaving]
[main] INFO  - The car 191 arrived at 5350 sek, as 10 in the queue with 4 people [teststation.Arriving][154, 157, 159, 165, 178, 181, 184, 187, 190, 191]
[main] INFO  - The car 192 arrived at 5427 sek, as 10 in the queue with 2 people [teststation.Arriving][157, 159, 165, 178, 181, 184, 187, 190, 191, 192]
[main] INFO  - The car 184 came to test at 5210 sek with 4 people [teststation.Testing]
[main] INFO  - The car 193 with 1 people came and goes
[main] INFO  - The car 194 with 4 people came and goes
[main] INFO  - The car 187 came to test at 5266 sek with 3 people [teststation.Testing]
[main] INFO  - The car 195 with 2 people came and goes
[main] INFO  - The car 157 is leaving test station at 5267 sek, with 4 people [teststation.Leaving]
[main] INFO  - The car 196 with 1 people came and goes
[main] INFO  - The car 165 is leaving test station at 5328 sek, with 3 people [teststation.Leaving]
[main] INFO  - The car 197 arrived at 5525 sek, as 10 in the queue with 1 people [teststation.Arriving][159, 165, 178, 181, 184, 187, 190, 191, 192, 197]
[main] INFO  - The car 198 arrived at 5620 sek, as 10 in the queue with 1 people [teststation.Arriving][159, 178, 181, 184, 187, 190, 191, 192, 197, 198]
[main] INFO  - The car 190 came to test at 5351 sek with 4 people [teststation.Testing]
[main] INFO  - The car 199 with 3 people came and goes
[main] INFO  - The car 159 is leaving test station at 5357 sek, with 4 people [teststation.Leaving]
[main] INFO  - The car 200 with 3 people came and goes
[main] INFO  - The car 201 arrived at 5736 sek, as 10 in the queue with 3 people [teststation.Arriving][178, 181, 184, 187, 190, 191, 192, 197, 198, 201]
[main] INFO  - The car 191 came to test at 5433 sek with 4 people [teststation.Testing]
[main] INFO  - The car 202 with 3 people came and goes
[main] INFO  - The car 192 came to test at 5495 sek with 2 people [teststation.Testing]
[main] INFO  - The car 203 with 2 people came and goes
[main] INFO  - The car 178 is leaving test station at 5500 sek, with 2 people [teststation.Leaving]
[main] INFO  - The car 204 with 2 people came and goes
[main] INFO  - The car 205 arrived at 5834 sek, as 10 in the queue with 2 people [teststation.Arriving][181, 184, 187, 190, 191, 192, 197, 198, 201, 205]
[main] INFO  - The car 197 came to test at 5597 sek with 1 people [teststation.Testing]
[main] INFO  - The car 206 with 1 people came and goes
[main] INFO  - The car 207 with 4 people came and goes
[main] INFO  - The car 198 came to test at 5688 sek with 1 people [teststation.Testing]
[main] INFO  - The car 208 with 2 people came and goes
[main] INFO  - The car 209 with 3 people came and goes
[main] INFO  - The car 181 is leaving test station at 5790 sek, with 3 people [teststation.Leaving]
[main] INFO  - The car 210 with 1 people came and goes
[main] INFO  - The car 201 came to test at 5815 sek with 3 people [teststation.Testing]
[main] INFO  - The car 211 arrived at 5907 sek, as 10 in the queue with 1 people [teststation.Arriving][184, 187, 190, 191, 192, 197, 198, 201, 205, 211]
[main] INFO  - The car 212 with 4 people came and goes
[main] INFO  - The car 197 is leaving test station at 5837 sek, with 1 people [teststation.Leaving]
[main] INFO  - The car 213 with 3 people came and goes
[main] INFO  - The car 214 arrived at 6021 sek, as 10 in the queue with 1 people [teststation.Arriving][184, 187, 190, 191, 192, 198, 201, 205, 211, 214]
[main] INFO  - The car 198 is leaving test station at 5928 sek, with 1 people [teststation.Leaving]
[main] INFO  - The car 215 with 3 people came and goes
[main] INFO  - The car 205 came to test at 5932 sek with 2 people [teststation.Testing]
[main] INFO  - The car 216 arrived at 6110 sek, as 10 in the queue with 4 people [teststation.Arriving][184, 187, 190, 191, 192, 201, 205, 211, 214, 216]
[main] INFO  - The car 192 is leaving test station at 5975 sek, with 2 people [teststation.Leaving]
[main] INFO  - The car 217 with 2 people came and goes
[main] INFO  - The car 187 is leaving test station at 5986 sek, with 3 people [teststation.Leaving]
[main] INFO  - The car 218 arrived at 6141 sek, as 10 in the queue with 3 people [teststation.Arriving][184, 187, 190, 191, 201, 205, 211, 214, 216, 218]
[main] INFO  - The car 211 came to test at 6011 sek with 1 people [teststation.Testing]
[main] INFO  - The car 219 arrived at 6260 sek, as 10 in the queue with 3 people [teststation.Arriving][184, 190, 191, 201, 205, 211, 214, 216, 218, 219]
[main] INFO  - The car 220 with 3 people came and goes
[main] INFO  - The car 221 with 3 people came and goes
[main] INFO  - The car 214 came to test at 6120 sek with 1 people [teststation.Testing]
[main] INFO  - The car 222 with 1 people came and goes
[main] INFO  - The car 223 with 2 people came and goes
[main] INFO  - The car 184 is leaving test station at 6170 sek, with 4 people [teststation.Leaving]
[main] INFO  - The car 224 with 2 people came and goes
[main] INFO  - The car 216 came to test at 6211 sek with 4 people [teststation.Testing]
[main] INFO  - The car 225 arrived at 6357 sek, as 10 in the queue with 2 people [teststation.Arriving][190, 191, 201, 205, 211, 214, 216, 218, 219, 225]
[main] INFO  - The car 218 came to test at 6220 sek with 3 people [teststation.Testing]
[main] INFO  - The car 226 with 2 people came and goes
[main] INFO  - The car 211 is leaving test station at 6251 sek, with 1 people [teststation.Leaving]
[main] INFO  - The car 227 with 1 people came and goes
[main] INFO  - The car 228 arrived at 6403 sek, as 10 in the queue with 4 people [teststation.Arriving][190, 191, 201, 205, 214, 216, 218, 219, 225, 228]
[main] INFO  - The car 190 is leaving test station at 6311 sek, with 4 people [teststation.Leaving]
[main] INFO  - The car 229 with 2 people came and goes
[main] INFO  - The car 219 came to test at 6323 sek with 3 people [teststation.Testing]
[main] INFO  - The car 230 arrived at 6458 sek, as 10 in the queue with 1 people [teststation.Arriving][191, 201, 205, 214, 216, 218, 219, 225, 228, 230]
[main] INFO  - The car 231 with 3 people came and goes
[main] INFO  - The car 214 is leaving test station at 6360 sek, with 1 people [teststation.Leaving]
[main] INFO  - The car 232 with 1 people came and goes
[main] INFO  - The car 191 is leaving test station at 6393 sek, with 4 people [teststation.Leaving]
[main] INFO  - The car 233 arrived at 6502 sek, as 10 in the queue with 1 people [teststation.Arriving][191, 201, 205, 216, 218, 219, 225, 228, 230, 233]
[main] INFO  - The car 234 arrived at 6558 sek, as 10 in the queue with 1 people [teststation.Arriving][201, 205, 216, 218, 219, 225, 228, 230, 233, 234]
[main] INFO  - The car 205 is leaving test station at 6412 sek, with 2 people [teststation.Leaving]
[main] INFO  - The car 235 with 3 people came and goes
[main] INFO  - The car 225 came to test at 6438 sek with 2 people [teststation.Testing]
[main] INFO  - The car 236 arrived at 6663 sek, as 10 in the queue with 3 people [teststation.Arriving][201, 216, 218, 219, 225, 228, 230, 233, 234, 236]
[main] INFO  - The car 237 with 3 people came and goes
[main] INFO  - The car 238 with 2 people came and goes
[main] INFO  - The car 228 came to test at 6513 sek with 4 people [teststation.Testing]
[main] INFO  - The car 239 with 1 people came and goes
[main] INFO  - The car 230 came to test at 6535 sek with 1 people [teststation.Testing]
[main] INFO  - The car 240 with 2 people came and goes
[main] INFO  - The car 201 is leaving test station at 6535 sek, with 3 people [teststation.Leaving]
[main] INFO  - The car 241 with 2 people came and goes
[main] INFO  - The car 242 arrived at 6715 sek, as 10 in the queue with 3 people [teststation.Arriving][216, 218, 219, 225, 228, 230, 233, 234, 236, 242]
[main] INFO  - The car 233 came to test at 6607 sek with 1 people [teststation.Testing]
[main] INFO  - The car 243 with 2 people came and goes
[main] INFO  - The car 244 with 2 people came and goes
[main] INFO  - The car 234 came to test at 6672 sek with 1 people [teststation.Testing]
[main] INFO  - The car 245 with 3 people came and goes
[main] INFO  - The car 246 with 1 people came and goes
[main] INFO  - The car 236 came to test at 6725 sek with 3 people [teststation.Testing]
[main] INFO  - The car 247 with 1 people came and goes
[main] INFO  - The car 230 is leaving test station at 6775 sek, with 1 people [teststation.Leaving]
[main] INFO  - The car 248 with 3 people came and goes
[main] INFO  - The car 242 came to test at 6804 sek with 3 people [teststation.Testing]
[main] INFO  - The car 249 arrived at 6777 sek, as 10 in the queue with 2 people [teststation.Arriving][216, 218, 219, 225, 228, 233, 234, 236, 242, 249]
[main] INFO  - The car 242 came to test at 6804 sek with 3 people [teststation.Testing]
[main] INFO  - The car 250 with 4 people came and goes
[main] INFO  - The car 233 is leaving test station at 6847 sek, with 1 people [teststation.Leaving]
[main] INFO  - The car 251 with 4 people came and goes
[main] INFO  - The car 249 came to test at 6880 sek with 2 people [teststation.Testing]
[main] INFO  - The car 252 arrived at 6863 sek, as 10 in the queue with 4 people [teststation.Arriving][216, 218, 219, 225, 228, 234, 236, 242, 249, 252]
[main] INFO  - The car 249 came to test at 6880 sek with 2 people [teststation.Testing]
[main] INFO  - The car 253 with 3 people came and goes
[main] INFO  - The car 234 is leaving test station at 6912 sek, with 1 people [teststation.Leaving]
[main] INFO  - The car 254 with 4 people came and goes
[main] INFO  - The car 225 is leaving test station at 6918 sek, with 2 people [teststation.Leaving]
[main] INFO  - The car 255 arrived at 6959 sek, as 10 in the queue with 1 people [teststation.Arriving][216, 218, 219, 225, 228, 236, 242, 249, 252, 255]
[main] INFO  - The car 218 is leaving test station at 6940 sek, with 3 people [teststation.Leaving]
[main] INFO  - The car 256 arrived at 7033 sek, as 10 in the queue with 4 people [teststation.Arriving][216, 218, 219, 228, 236, 242, 249, 252, 255, 256]
[main] INFO  - The car 252 came to test at 6943 sek with 4 people [teststation.Testing]
[main] INFO  - The car 257 arrived at 7068 sek, as 10 in the queue with 4 people [teststation.Arriving][216, 219, 228, 236, 242, 249, 252, 255, 256, 257]
[main] INFO  - The car 258 with 2 people came and goes
[main] INFO  - The car 255 came to test at 7023 sek with 1 people [teststation.Testing]
[main] INFO  - The car 259 with 3 people came and goes
[main] INFO  - The car 260 with 3 people came and goes
[main] INFO  - The car 219 is leaving test station at 7043 sek, with 3 people [teststation.Leaving]
[main] INFO  - The car 261 with 4 people came and goes
[main] INFO  - The car 262 arrived at 7129 sek, as 10 in the queue with 3 people [teststation.Arriving][216, 228, 236, 242, 249, 252, 255, 256, 257, 262]
[main] INFO  - The car 256 came to test at 7116 sek with 4 people [teststation.Testing]
[main] INFO  - The car 263 with 2 people came and goes
[main] INFO  - The car 264 with 4 people came and goes
[main] INFO  - The car 216 is leaving test station at 7171 sek, with 4 people [teststation.Leaving]
[main] INFO  - The car 265 with 3 people came and goes
[main] INFO  - The car 257 came to test at 7180 sek with 4 people [teststation.Testing]
[main] INFO  - The car 262 came to test at 7211 sek with 3 people [teststation.Testing]
[main] INFO  - The car 255 is leaving test station at 7263 sek, with 1 people [teststation.Leaving]
[main] INFO  - The car 268 arrived at 7174 sek, as 10 in the queue with 1 people [teststation.Arriving][228, 236, 242, 249, 252, 255, 256, 257, 262, 268]
[main] INFO  - The car 268 came to test at 7256 sek with 1 people [teststation.Testing]
[main] INFO  - The car 269 with 4 people came and goes
[main] INFO  - The car 255 is leaving test station at 7263 sek, with 1 people [teststation.Leaving]
[main] INFO  - The car 270 with 4 people came and goes
[main] INFO  - The car 249 is leaving test station at 7360 sek, with 2 people [teststation.Leaving]
[main] INFO  - The car 236 is leaving test station at 7445 sek, with 3 people [teststation.Leaving]
[main] INFO  - The car 228 is leaving test station at 7473 sek, with 4 people [teststation.Leaving]
[main] INFO  - The car 268 is leaving test station at 7496 sek, with 1 people [teststation.Leaving]
[main] INFO  - The car 242 is leaving test station at 7524 sek, with 3 people [teststation.Leaving]
[main] INFO  - The car 252 is leaving test station at 7903 sek, with 4 people [teststation.Leaving]
[main] INFO  - The car 262 is leaving test station at 7931 sek, with 3 people [teststation.Leaving]
[main] INFO  - The car 256 is leaving test station at 8076 sek, with 4 people [teststation.Leaving]
[main] INFO  - The car 257 is leaving test station at 8140 sek, with 4 people [teststation.Leaving]
